This is pdfTeX, Version 3.141592653-2.6-1.40.26 (TeX Live 2024/Arch Linux) (preloaded format=pdflatex 2025.1.10)  14 JAN 2025 10:02
entering extended mode
 restricted \write18 enabled.
 %&-line parsing enabled.
**srs.tex
(./srs.tex
LaTeX2e <2023-11-01> patch level 1
L3 programming layer <2024-02-20>
(/usr/share/texmf-dist/tex/latex/koma-script/scrreprt.cls
Document Class: scrreprt 2023/07/07 v3.41 KOMA-Script document class (report)
(/usr/share/texmf-dist/tex/latex/koma-script/scrkbase.sty
Package: scrkbase 2023/07/07 v3.41 KOMA-Script package (KOMA-Script-dependent b
asics and keyval usage)

(/usr/share/texmf-dist/tex/latex/koma-script/scrbase.sty
Package: scrbase 2023/07/07 v3.41 KOMA-Script package (KOMA-Script-independent 
basics and keyval usage)

(/usr/share/texmf-dist/tex/latex/koma-script/scrlfile.sty
Package: scrlfile 2023/07/07 v3.41 KOMA-Script package (file load hooks)

(/usr/share/texmf-dist/tex/latex/koma-script/scrlfile-hook.sty
Package: scrlfile-hook 2023/07/07 v3.41 KOMA-Script package (using LaTeX hooks)


(/usr/share/texmf-dist/tex/latex/koma-script/scrlogo.sty
Package: scrlogo 2023/07/07 v3.41 KOMA-Script package (logo)
)))
(/usr/share/texmf-dist/tex/latex/graphics/keyval.sty
Package: keyval 2022/05/29 v1.15 key=value parser (DPC)
\KV@toks@=\toks17
)
Applying: [2021/05/01] Usage of raw or classic option list on input line 252.
Already applied: [0000/00/00] Usage of raw or classic option list on input line
 368.
))
(/usr/share/texmf-dist/tex/latex/koma-script/tocbasic.sty
Package: tocbasic 2023/07/07 v3.41 KOMA-Script package (handling toc-files)
\scr@dte@tocline@numberwidth=\skip48
\scr@dte@tocline@numbox=\box51
)
Package tocbasic Info: omitting babel extension for `toc'
(tocbasic)             because of feature `nobabel' available
(tocbasic)             for `toc' on input line 135.
Class scrreprt Info: File `scrsize11pt.clo' used instead of
(scrreprt)           file `scrsize11.clo' to setup font sizes on input line 268
8.

(/usr/share/texmf-dist/tex/latex/koma-script/scrsize11pt.clo
File: scrsize11pt.clo 2023/07/07 v3.41 KOMA-Script font size class option (11pt
)
)
(/usr/share/texmf-dist/tex/latex/koma-script/typearea.sty
Package: typearea 2023/07/07 v3.41 KOMA-Script package (type area)
\ta@bcor=\skip49
\ta@div=\count188
\ta@hblk=\skip50
\ta@vblk=\skip51
\ta@temp=\skip52
\footheight=\skip53
Package typearea Info: These are the values describing the layout:
(typearea)             DIV  = 10
(typearea)             BCOR = 0.0pt
(typearea)             \paperwidth      = 597.50793pt
(typearea)              \textwidth      = 418.25555pt
(typearea)              DIV departure   = -6%
(typearea)              \evensidemargin = 17.3562pt
(typearea)              \oddsidemargin  = 17.3562pt
(typearea)             \paperheight     = 845.04694pt
(typearea)              \textheight     = 595.80026pt
(typearea)              \topmargin      = -25.16531pt
(typearea)              \headheight     = 17.0pt
(typearea)              \headsep        = 20.40001pt
(typearea)              \topskip        = 11.0pt
(typearea)              \footskip       = 47.6pt
(typearea)              \baselineskip   = 13.6pt
(typearea)              on input line 1799.
)
\c@part=\count189
\c@chapter=\count190
\c@section=\count191
\c@subsection=\count192
\c@subsubsection=\count193
\c@paragraph=\count194
\c@subparagraph=\count195
\scr@dte@chapter@maxnumwidth=\skip54
Class scrreprt Info: using compatibility default `afterindent=bysign'
(scrreprt)           for `\chapter on input line 5994.
\scr@dte@section@maxnumwidth=\skip55
Class scrreprt Info: using compatibility default `runin=bysign'
(scrreprt)           for `\section on input line 6005.
Class scrreprt Info: using compatibility default `afterindent=bysign'
(scrreprt)           for `\section on input line 6005.
\scr@dte@part@maxnumwidth=\skip56
Class scrreprt Info: using compatibility default `afterindent=true'
(scrreprt)           for `\part on input line 6014.
\scr@dte@subsection@maxnumwidth=\skip57
Class scrreprt Info: using compatibility default `runin=bysign'
(scrreprt)           for `\subsection on input line 6024.
Class scrreprt Info: using compatibility default `afterindent=bysign'
(scrreprt)           for `\subsection on input line 6024.
\scr@dte@subsubsection@maxnumwidth=\skip58
Class scrreprt Info: using compatibility default `runin=bysign'
(scrreprt)           for `\subsubsection on input line 6034.
Class scrreprt Info: using compatibility default `afterindent=bysign'
(scrreprt)           for `\subsubsection on input line 6034.
\scr@dte@paragraph@maxnumwidth=\skip59
Class scrreprt Info: using compatibility default `runin=bysign'
(scrreprt)           for `\paragraph on input line 6045.
Class scrreprt Info: using compatibility default `afterindent=bysign'
(scrreprt)           for `\paragraph on input line 6045.
\scr@dte@subparagraph@maxnumwidth=\skip60
Class scrreprt Info: using compatibility default `runin=bysign'
(scrreprt)           for `\subparagraph on input line 6055.
Class scrreprt Info: using compatibility default `afterindent=bysign'
(scrreprt)           for `\subparagraph on input line 6055.
\abovecaptionskip=\skip61
\belowcaptionskip=\skip62
\c@pti@nb@sid@b@x=\box52
Package tocbasic Info: omitting babel extension for `lof'
(tocbasic)             because of feature `nobabel' available
(tocbasic)             for `lof' on input line 7240.
\scr@dte@figure@maxnumwidth=\skip63
\c@figure=\count196
Package tocbasic Info: omitting babel extension for `lot'
(tocbasic)             because of feature `nobabel' available
(tocbasic)             for `lot' on input line 7257.
\scr@dte@table@maxnumwidth=\skip64
\c@table=\count197
Class scrreprt Info: Redefining `\numberline' on input line 7428.
\bibindent=\dimen140
)
(/usr/share/texmf-dist/tex/latex/base/inputenc.sty
Package: inputenc 2021/02/14 v1.3d Input encoding file
\inpenc@prehook=\toks18
\inpenc@posthook=\toks19
)
(/usr/share/texmf-dist/tex/latex/booktabs/booktabs.sty
Package: booktabs 2020/01/12 v1.61803398 Publication quality tables
\heavyrulewidth=\dimen141
\lightrulewidth=\dimen142
\cmidrulewidth=\dimen143
\belowrulesep=\dimen144
\belowbottomsep=\dimen145
\aboverulesep=\dimen146
\abovetopsep=\dimen147
\cmidrulesep=\dimen148
\cmidrulekern=\dimen149
\defaultaddspace=\dimen150
\@cmidla=\count198
\@cmidlb=\count199
\@aboverulesep=\dimen151
\@belowrulesep=\dimen152
\@thisruleclass=\count266
\@lastruleclass=\count267
\@thisrulewidth=\dimen153
)
(/usr/share/texmf-dist/tex/latex/xcolor/xcolor.sty
Package: xcolor 2023/11/15 v3.01 LaTeX color extensions (UK)

(/usr/share/texmf-dist/tex/latex/graphics-cfg/color.cfg
File: color.cfg 2016/01/02 v1.6 sample color configuration
)
Package xcolor Info: Driver file: pdftex.def on input line 274.

(/usr/share/texmf-dist/tex/latex/graphics-def/pdftex.def
File: pdftex.def 2022/09/22 v1.2b Graphics/color driver for pdftex
)
(/usr/share/texmf-dist/tex/latex/graphics/mathcolor.ltx)
Package xcolor Info: Model `cmy' substituted by `cmy0' on input line 1350.
Package xcolor Info: Model `hsb' substituted by `rgb' on input line 1354.
Package xcolor Info: Model `RGB' extended on input line 1366.
Package xcolor Info: Model `HTML' substituted by `rgb' on input line 1368.
Package xcolor Info: Model `Hsb' substituted by `hsb' on input line 1369.
Package xcolor Info: Model `tHsb' substituted by `hsb' on input line 1370.
Package xcolor Info: Model `HSB' substituted by `hsb' on input line 1371.
Package xcolor Info: Model `Gray' substituted by `gray' on input line 1372.
Package xcolor Info: Model `wave' substituted by `hsb' on input line 1373.
)
(/usr/share/texmf-dist/tex/latex/hyperref/hyperref.sty
Package: hyperref 2024-01-20 v7.01h Hypertext links for LaTeX

(/usr/share/texmf-dist/tex/generic/iftex/iftex.sty
Package: iftex 2022/02/03 v1.0f TeX engine tests
)
(/usr/share/texmf-dist/tex/latex/kvsetkeys/kvsetkeys.sty
Package: kvsetkeys 2022-10-05 v1.19 Key value parser (HO)
)
(/usr/share/texmf-dist/tex/generic/kvdefinekeys/kvdefinekeys.sty
Package: kvdefinekeys 2019-12-19 v1.6 Define keys (HO)
)
(/usr/share/texmf-dist/tex/generic/pdfescape/pdfescape.sty
Package: pdfescape 2019/12/09 v1.15 Implements pdfTeX's escape features (HO)

(/usr/share/texmf-dist/tex/generic/ltxcmds/ltxcmds.sty
Package: ltxcmds 2023-12-04 v1.26 LaTeX kernel commands for general use (HO)
)
(/usr/share/texmf-dist/tex/generic/pdftexcmds/pdftexcmds.sty
Package: pdftexcmds 2020-06-27 v0.33 Utility functions of pdfTeX for LuaTeX (HO
)

(/usr/share/texmf-dist/tex/generic/infwarerr/infwarerr.sty
Package: infwarerr 2019/12/03 v1.5 Providing info/warning/error messages (HO)
)
Package pdftexcmds Info: \pdf@primitive is available.
Package pdftexcmds Info: \pdf@ifprimitive is available.
Package pdftexcmds Info: \pdfdraftmode found.
))
(/usr/share/texmf-dist/tex/latex/hycolor/hycolor.sty
Package: hycolor 2020-01-27 v1.10 Color options for hyperref/bookmark (HO)
)
(/usr/share/texmf-dist/tex/latex/auxhook/auxhook.sty
Package: auxhook 2019-12-17 v1.6 Hooks for auxiliary files (HO)
)
(/usr/share/texmf-dist/tex/latex/hyperref/nameref.sty
Package: nameref 2023-11-26 v2.56 Cross-referencing by name of section

(/usr/share/texmf-dist/tex/latex/refcount/refcount.sty
Package: refcount 2019/12/15 v3.6 Data extraction from label references (HO)
)
(/usr/share/texmf-dist/tex/generic/gettitlestring/gettitlestring.sty
Package: gettitlestring 2019/12/15 v1.6 Cleanup title references (HO)

(/usr/share/texmf-dist/tex/latex/kvoptions/kvoptions.sty
Package: kvoptions 2022-06-15 v3.15 Key value format for package options (HO)
))
\c@section@level=\count268
)
(/usr/share/texmf-dist/tex/latex/etoolbox/etoolbox.sty
Package: etoolbox 2020/10/05 v2.5k e-TeX tools for LaTeX (JAW)
\etb@tempcnta=\count269
)
\@linkdim=\dimen154
\Hy@linkcounter=\count270
\Hy@pagecounter=\count271

(/usr/share/texmf-dist/tex/latex/hyperref/pd1enc.def
File: pd1enc.def 2024-01-20 v7.01h Hyperref: PDFDocEncoding definition (HO)
Now handling font encoding PD1 ...
... no UTF-8 mapping file for font encoding PD1
)
(/usr/share/texmf-dist/tex/generic/intcalc/intcalc.sty
Package: intcalc 2019/12/15 v1.3 Expandable calculations with integers (HO)
)
\Hy@SavedSpaceFactor=\count272

(/usr/share/texmf-dist/tex/latex/hyperref/puenc.def
File: puenc.def 2024-01-20 v7.01h Hyperref: PDF Unicode definition (HO)
Now handling font encoding PU ...
... no UTF-8 mapping file for font encoding PU
)
Package hyperref Info: Hyper figures OFF on input line 4179.
Package hyperref Info: Link nesting OFF on input line 4184.
Package hyperref Info: Hyper index ON on input line 4187.
Package hyperref Info: Plain pages OFF on input line 4194.
Package hyperref Info: Backreferencing OFF on input line 4199.
Package hyperref Info: Implicit mode ON; LaTeX internals redefined.
Package hyperref Info: Bookmarks ON on input line 4446.
\c@Hy@tempcnt=\count273

(/usr/share/texmf-dist/tex/latex/url/url.sty
\Urlmuskip=\muskip16
Package: url 2013/09/16  ver 3.4  Verb mode for urls, etc.
)
LaTeX Info: Redefining \url on input line 4784.
\XeTeXLinkMargin=\dimen155

(/usr/share/texmf-dist/tex/generic/bitset/bitset.sty
Package: bitset 2019/12/09 v1.3 Handle bit-vector datatype (HO)

(/usr/share/texmf-dist/tex/generic/bigintcalc/bigintcalc.sty
Package: bigintcalc 2019/12/15 v1.5 Expandable calculations on big integers (HO
)
))
\Fld@menulength=\count274
\Field@Width=\dimen156
\Fld@charsize=\dimen157
Package hyperref Info: Hyper figures OFF on input line 6063.
Package hyperref Info: Link nesting OFF on input line 6068.
Package hyperref Info: Hyper index ON on input line 6071.
Package hyperref Info: backreferencing OFF on input line 6078.
Package hyperref Info: Link coloring OFF on input line 6083.
Package hyperref Info: Link coloring with OCG OFF on input line 6088.
Package hyperref Info: PDF/A mode OFF on input line 6093.

(/usr/share/texmf-dist/tex/latex/base/atbegshi-ltx.sty
Package: atbegshi-ltx 2021/01/10 v1.0c Emulation of the original atbegshi
package with kernel methods
)
\Hy@abspage=\count275
\c@Item=\count276
\c@Hfootnote=\count277
)
Package hyperref Info: Driver (autodetected): hpdftex.

(/usr/share/texmf-dist/tex/latex/hyperref/hpdftex.def
File: hpdftex.def 2024-01-20 v7.01h Hyperref driver for pdfTeX

(/usr/share/texmf-dist/tex/latex/base/atveryend-ltx.sty
Package: atveryend-ltx 2020/08/19 v1.0a Emulation of the original atveryend pac
kage
with kernel methods
)
\Fld@listcount=\count278
\c@bookmark@seq@number=\count279

(/usr/share/texmf-dist/tex/latex/rerunfilecheck/rerunfilecheck.sty
Package: rerunfilecheck 2022-07-10 v1.10 Rerun checks for auxiliary files (HO)

(/usr/share/texmf-dist/tex/generic/uniquecounter/uniquecounter.sty
Package: uniquecounter 2019/12/15 v1.4 Provide unlimited unique counter (HO)
)
Package uniquecounter Info: New unique counter `rerunfilecheck' on input line 2
85.
)
\Hy@SectionHShift=\skip65
)
(/usr/share/texmf-dist/tex/latex/lm/lmodern.sty
Package: lmodern 2015/05/01 v1.6.1 Latin Modern Fonts
LaTeX Font Info:    Overwriting symbol font `operators' in version `normal'
(Font)                  OT1/cmr/m/n --> OT1/lmr/m/n on input line 22.
LaTeX Font Info:    Overwriting symbol font `letters' in version `normal'
(Font)                  OML/cmm/m/it --> OML/lmm/m/it on input line 23.
LaTeX Font Info:    Overwriting symbol font `symbols' in version `normal'
(Font)                  OMS/cmsy/m/n --> OMS/lmsy/m/n on input line 24.
LaTeX Font Info:    Overwriting symbol font `largesymbols' in version `normal'
(Font)                  OMX/cmex/m/n --> OMX/lmex/m/n on input line 25.
LaTeX Font Info:    Overwriting symbol font `operators' in version `bold'
(Font)                  OT1/cmr/bx/n --> OT1/lmr/bx/n on input line 26.
LaTeX Font Info:    Overwriting symbol font `letters' in version `bold'
(Font)                  OML/cmm/b/it --> OML/lmm/b/it on input line 27.
LaTeX Font Info:    Overwriting symbol font `symbols' in version `bold'
(Font)                  OMS/cmsy/b/n --> OMS/lmsy/b/n on input line 28.
LaTeX Font Info:    Overwriting symbol font `largesymbols' in version `bold'
(Font)                  OMX/cmex/m/n --> OMX/lmex/m/n on input line 29.
LaTeX Font Info:    Overwriting math alphabet `\mathbf' in version `normal'
(Font)                  OT1/cmr/bx/n --> OT1/lmr/bx/n on input line 31.
LaTeX Font Info:    Overwriting math alphabet `\mathsf' in version `normal'
(Font)                  OT1/cmss/m/n --> OT1/lmss/m/n on input line 32.
LaTeX Font Info:    Overwriting math alphabet `\mathit' in version `normal'
(Font)                  OT1/cmr/m/it --> OT1/lmr/m/it on input line 33.
LaTeX Font Info:    Overwriting math alphabet `\mathtt' in version `normal'
(Font)                  OT1/cmtt/m/n --> OT1/lmtt/m/n on input line 34.
LaTeX Font Info:    Overwriting math alphabet `\mathbf' in version `bold'
(Font)                  OT1/cmr/bx/n --> OT1/lmr/bx/n on input line 35.
LaTeX Font Info:    Overwriting math alphabet `\mathsf' in version `bold'
(Font)                  OT1/cmss/bx/n --> OT1/lmss/bx/n on input line 36.
LaTeX Font Info:    Overwriting math alphabet `\mathit' in version `bold'
(Font)                  OT1/cmr/bx/it --> OT1/lmr/bx/it on input line 37.
LaTeX Font Info:    Overwriting math alphabet `\mathtt' in version `bold'
(Font)                  OT1/cmtt/m/n --> OT1/lmtt/m/n on input line 38.
)
(/usr/share/texmf-dist/tex/latex/base/fontenc.sty
Package: fontenc 2021/04/29 v2.0v Standard LaTeX package
LaTeX Font Info:    Trying to load font information for T1+lmr on input line 11
2.

(/usr/share/texmf-dist/tex/latex/lm/t1lmr.fd
File: t1lmr.fd 2015/05/01 v1.6.1 Font defs for Latin Modern
))
(/usr/share/texmf-dist/tex/latex/base/textcomp.sty
Package: textcomp 2020/02/02 v2.0n Standard LaTeX package
)
(/usr/share/texmf-dist/tex/latex/geometry/geometry.sty
Package: geometry 2020/01/02 v5.9 Page Geometry

(/usr/share/texmf-dist/tex/generic/iftex/ifvtex.sty
Package: ifvtex 2019/10/25 v1.7 ifvtex legacy package. Use iftex instead.
)
\Gm@cnth=\count280
\Gm@cntv=\count281
\c@Gm@tempcnt=\count282
\Gm@bindingoffset=\dimen158
\Gm@wd@mp=\dimen159
\Gm@odd@mp=\dimen160
\Gm@even@mp=\dimen161
\Gm@layoutwidth=\dimen162
\Gm@layoutheight=\dimen163
\Gm@layouthoffset=\dimen164
\Gm@layoutvoffset=\dimen165
\Gm@dimlist=\toks20
)
(/usr/share/texmf-dist/tex/latex/float/float.sty
Package: float 2001/11/08 v1.3d Float enhancements (AL)
\c@float@type=\count283
\float@exts=\toks21
\float@box=\box53
\@float@everytoks=\toks22
\@floatcapt=\box54
)
(/usr/share/texmf-dist/tex/latex/tools/array.sty
Package: array 2023/10/16 v2.5g Tabular extension package (FMi)
\col@sep=\dimen166
\ar@mcellbox=\box55
\extrarowheight=\dimen167
\NC@list=\toks23
\extratabsurround=\skip66
\backup@length=\skip67
\ar@cellbox=\box56
)
(/usr/share/texmf-dist/tex/latex/placeins/placeins.sty
Package: placeins 2005/04/18  v 2.2
)
(/usr/share/texmf-dist/tex/latex/graphics/graphicx.sty
Package: graphicx 2021/09/16 v1.2d Enhanced LaTeX Graphics (DPC,SPQR)

(/usr/share/texmf-dist/tex/latex/graphics/graphics.sty
Package: graphics 2022/03/10 v1.4e Standard LaTeX Graphics (DPC,SPQR)

(/usr/share/texmf-dist/tex/latex/graphics/trig.sty
Package: trig 2021/08/11 v1.11 sin cos tan (DPC)
)
(/usr/share/texmf-dist/tex/latex/graphics-cfg/graphics.cfg
File: graphics.cfg 2016/06/04 v1.11 sample graphics configuration
)
Package graphics Info: Driver file: pdftex.def on input line 107.
)
\Gin@req@height=\dimen168
\Gin@req@width=\dimen169
)
(/usr/share/texmf-dist/tex/latex/tools/tabularx.sty
Package: tabularx 2023/07/08 v2.11c `tabularx' package (DPC)
\TX@col@width=\dimen170
\TX@old@table=\dimen171
\TX@old@col=\dimen172
\TX@target=\dimen173
\TX@delta=\dimen174
\TX@cols=\count284
\TX@ftn=\toks24
)
(/usr/share/texmf-dist/tex/latex/ragged2e/ragged2e.sty
Package: ragged2e 2023/06/22 v3.6 ragged2e Package
\CenteringLeftskip=\skip68
\RaggedLeftLeftskip=\skip69
\RaggedRightLeftskip=\skip70
\CenteringRightskip=\skip71
\RaggedLeftRightskip=\skip72
\RaggedRightRightskip=\skip73
\CenteringParfillskip=\skip74
\RaggedLeftParfillskip=\skip75
\RaggedRightParfillskip=\skip76
\JustifyingParfillskip=\skip77
\CenteringParindent=\skip78
\RaggedLeftParindent=\skip79
\RaggedRightParindent=\skip80
\JustifyingParindent=\skip81
)
Package hyperref Info: Option `colorlinks' set `true' on input line 33.

(/usr/share/texmf-dist/tex/latex/l3backend/l3backend-pdftex.def
File: l3backend-pdftex.def 2024-02-20 L3 backend support: PDF output (pdfTeX)
\l__color_backend_stack_int=\count285
\l__pdf_internal_box=\box57
) (./srs.aux)
\openout1 = `srs.aux'.

LaTeX Font Info:    Checking defaults for OML/cmm/m/it on input line 37.
LaTeX Font Info:    ... okay on input line 37.
LaTeX Font Info:    Checking defaults for OMS/cmsy/m/n on input line 37.
LaTeX Font Info:    ... okay on input line 37.
LaTeX Font Info:    Checking defaults for OT1/cmr/m/n on input line 37.
LaTeX Font Info:    ... okay on input line 37.
LaTeX Font Info:    Checking defaults for T1/cmr/m/n on input line 37.
LaTeX Font Info:    ... okay on input line 37.
LaTeX Font Info:    Checking defaults for TS1/cmr/m/n on input line 37.
LaTeX Font Info:    ... okay on input line 37.
LaTeX Font Info:    Checking defaults for OMX/cmex/m/n on input line 37.
LaTeX Font Info:    ... okay on input line 37.
LaTeX Font Info:    Checking defaults for U/cmr/m/n on input line 37.
LaTeX Font Info:    ... okay on input line 37.
LaTeX Font Info:    Checking defaults for PD1/pdf/m/n on input line 37.
LaTeX Font Info:    ... okay on input line 37.
LaTeX Font Info:    Checking defaults for PU/pdf/m/n on input line 37.
LaTeX Font Info:    ... okay on input line 37.
Package scrbase Info: activating english \abstractname on input line 37.
Package scrbase Info: activating english \partname on input line 37.
Package scrbase Info: activating english \chaptername on input line 37.
Package scrbase Info: activating english \appendixname on input line 37.
Package scrbase Info: activating english \figurename on input line 37.
Package scrbase Info: activating english \tablename on input line 37.
Package scrbase Info: activating english \contentsname on input line 37.
Package scrbase Info: activating english \listfigurename on input line 37.
Package scrbase Info: activating english \listtablename on input line 37.
Package scrbase Info: activating english \bibname on input line 37.
Package scrbase Info: activating english \indexname on input line 37.

(/usr/share/texmf-dist/tex/context/base/mkii/supp-pdf.mkii
[Loading MPS to PDF converter (version 2006.09.02).]
\scratchcounter=\count286
\scratchdimen=\dimen175
\scratchbox=\box58
\nofMPsegments=\count287
\nofMParguments=\count288
\everyMPshowfont=\toks25
\MPscratchCnt=\count289
\MPscratchDim=\dimen176
\MPnumerator=\count290
\makeMPintoPDFobject=\count291
\everyMPtoPDFconversion=\toks26
) (/usr/share/texmf-dist/tex/latex/epstopdf-pkg/epstopdf-base.sty
Package: epstopdf-base 2020-01-24 v2.11 Base part for package epstopdf
Package epstopdf-base Info: Redefining graphics rule for `.eps' on input line 4
85.

(/usr/share/texmf-dist/tex/latex/latexconfig/epstopdf-sys.cfg
File: epstopdf-sys.cfg 2010/07/13 v1.3 Configuration of (r)epstopdf for TeX Liv
e
))
Package hyperref Info: Link coloring ON on input line 37.
 (./srs.out)
(./srs.out)
\@outlinefile=\write3
\openout3 = `srs.out'.

Class scrreprt Info: loading recommended package `bookmark'.
(scrreprt)           Using `bookmark' together with `hyperref' is recommended,
(scrreprt)           because of handling of possible bookmark level gaps.
(scrreprt)           You can avoid loading `bookmark' with KOMA-Script option
(scrreprt)           `bookmarkpackage=false' before \begin{document} and
(scrreprt)           you can avoid this message adding:
(scrreprt)             \usepackage{bookmark}
(scrreprt)           before \begin{document} on input line 37.
 (/usr/share/texmf-dist/tex/latex/bookmark/bookmark.sty
Package: bookmark 2023-12-10 v1.31 PDF bookmarks (HO)

(/usr/share/texmf-dist/tex/latex/bookmark/bkm-pdftex.def
File: bkm-pdftex.def 2023-12-10 v1.31 bookmark driver for pdfTeX and luaTeX (HO
)
\BKM@id=\count292
))
*geometry* driver: auto-detecting
*geometry* detected driver: pdftex
*geometry* verbose mode - [ preamble ] result:
* driver: pdftex
* paper: a4paper
* layout: <same size as paper>
* layoutoffset:(h,v)=(0.0pt,0.0pt)
* modes: 
* h-part:(L,W,R)=(72.26999pt, 452.9679pt, 72.26999pt)
* v-part:(T,H,B)=(72.26999pt, 700.50687pt, 72.26999pt)
* \paperwidth=597.50787pt
* \paperheight=845.04684pt
* \textwidth=452.9679pt
* \textheight=700.50687pt
* \oddsidemargin=0.0pt
* \evensidemargin=0.0pt
* \topmargin=-37.40001pt
* \headheight=17.0pt
* \headsep=20.40001pt
* \topskip=11.0pt
* \footskip=47.6pt
* \marginparwidth=59.7508pt
* \marginparsep=12.8401pt
* \columnsep=10.0pt
* \skip\footins=10.0pt plus 4.0pt minus 2.0pt
* \hoffset=0.0pt
* \voffset=0.0pt
* \mag=1000
* \@twocolumnfalse
* \@twosidefalse
* \@mparswitchfalse
* \@reversemarginfalse
* (1in=72.27pt=25.4mm, 1cm=28.453pt)


Overfull \hbox (2.27618pt too wide) in paragraph at lines 41--41
 []
 []

[1



{/var/lib/texmf/fonts/map/pdftex/updmap/pdftex.map}{/usr/share/texmf-dist/fonts
/enc/dvips/lm/lm-ec.enc}]
LaTeX Font Info:    Trying to load font information for T1+lmss on input line 5
9.
 (/usr/share/texmf-dist/tex/latex/lm/t1lmss.fd
File: t1lmss.fd 2015/05/01 v1.6.1 Font defs for Latin Modern
)
LaTeX Font Info:    Trying to load font information for OT1+lmr on input line 6
2.

(/usr/share/texmf-dist/tex/latex/lm/ot1lmr.fd
File: ot1lmr.fd 2015/05/01 v1.6.1 Font defs for Latin Modern
)
LaTeX Font Info:    Trying to load font information for OML+lmm on input line 6
2.

(/usr/share/texmf-dist/tex/latex/lm/omllmm.fd
File: omllmm.fd 2015/05/01 v1.6.1 Font defs for Latin Modern
)
LaTeX Font Info:    Trying to load font information for OMS+lmsy on input line 
62.

(/usr/share/texmf-dist/tex/latex/lm/omslmsy.fd
File: omslmsy.fd 2015/05/01 v1.6.1 Font defs for Latin Modern
)
LaTeX Font Info:    Trying to load font information for OMX+lmex on input line 
62.

(/usr/share/texmf-dist/tex/latex/lm/omxlmex.fd
File: omxlmex.fd 2015/05/01 v1.6.1 Font defs for Latin Modern
)
LaTeX Font Info:    External font `lmex10' loaded for size
(Font)              <10.95> on input line 62.
LaTeX Font Info:    External font `lmex10' loaded for size
(Font)              <8> on input line 62.
LaTeX Font Info:    External font `lmex10' loaded for size
(Font)              <6> on input line 62.

pdfTeX warning (ext4): destination with the same identifier (name{page.1}) has 
been already used, duplicate ignored
<to be read again> 
                   \relax 
l.71 \tableofcontents
                      [1

] (./srs.toc)
\tf@toc=\write4
\openout4 = `srs.toc'.

 [2

] [3] (./srs.lof [4

])
\tf@lof=\write5
\openout5 = `srs.lof'.

 [5] (./srs.lot)
\tf@lot=\write6
\openout6 = `srs.lot'.


[6

] [7]
chapter 1.

Class scrreprt Warning: \float@addtolists detected!
(scrreprt)              Implementation of \float@addtolist became
(scrreprt)              deprecated in KOMA-Script v3.01 2008/11/14 and
(scrreprt)              has been replaced by several more flexible
(scrreprt)              features of package `tocbasic`.
(scrreprt)              Since Version 3.12 support for deprecated
(scrreprt)              \float@addtolist interface has been
(scrreprt)              restricted to only some of the KOMA-Script
(scrreprt)              features and been removed from others.
(scrreprt)              Loading of package `scrhack' may help to
(scrreprt)              avoid this warning, if you are using a
(scrreprt)              a package that still implements the
(scrreprt)              deprecated \float@addtolist interface.

(./srs.bbl [8

]) [9]
chapter 2.
LaTeX Font Info:    Trying to load font information for TS1+lmr on input line 1
31.
(/usr/share/texmf-dist/tex/latex/lm/ts1lmr.fd
File: ts1lmr.fd 2015/05/01 v1.6.1 Font defs for Latin Modern
) [10

{/usr/share/texmf-dist/fonts/enc/dvips/lm/lm-ts1.enc}] [11]
chapter 3.
[12

] [13]
chapter 4.
<ModuleFeaturingWeb.png, id=402, 753.7761pt x 354.48434pt>
File: ModuleFeaturingWeb.png Graphic file (type png)
<use ModuleFeaturingWeb.png>
Package pdftex.def Info: ModuleFeaturingWeb.png  used on input line 200.
(pdftex.def)             Requested size: 452.9679pt x 213.0276pt.
[14

] [15
pdfTeX warning (ext4): destination with the same identifier (name{figure.4.1}) 
has been already used, duplicate ignored
<argument> ...shipout:D \box_use:N \l_shipout_box 
                                                  \__shipout_drop_firstpage_...
l.218 \subsubsection
                    {Requirements Verification Module} <./ModuleFeaturingWeb.pn
g

pdfTeX warning: /usr/bin/pdflatex (file ./ModuleFeaturingWeb.png): large interl
aced PNG might cause out of memory (use non-interlaced PNG to fix this)
>]
<ModuleFeaturingMobile.png, id=417, 526.1256pt x 297.7524pt>
File: ModuleFeaturingMobile.png Graphic file (type png)
<use ModuleFeaturingMobile.png>
Package pdftex.def Info: ModuleFeaturingMobile.png  used on input line 238.
(pdftex.def)             Requested size: 452.9679pt x 256.36192pt.
 [16] [17
pdfTeX warning (ext4): destination with the same identifier (name{figure.4.2}) 
has been already used, duplicate ignored
<argument> ...shipout:D \box_use:N \l_shipout_box 
                                                  \__shipout_drop_firstpage_...
l.260 \subsubsection
                    {Hiring Status Module} <./ModuleFeaturingMobile.png

pdfTeX warning: /usr/bin/pdflatex (file ./ModuleFeaturingMobile.png): large int
erlaced PNG might cause out of memory (use non-interlaced PNG to fix this)
>] [18]
chapter 5.
[19


pdfTeX warning (ext4): destination with the same identifier (name{table.5.1}) h
as been already used, duplicate ignored
<argument> ...shipout:D \box_use:N \l_shipout_box 
                                                  \__shipout_drop_firstpage_...
l.333 \end{table} \FloatBarrier
                               
pdfTeX warning (ext4): destination with the same identifier (name{table.5.2}) h
as been already used, duplicate ignored
<argument> ...shipout:D \box_use:N \l_shipout_box 
                                                  \__shipout_drop_firstpage_...
l.333 \end{table} \FloatBarrier
                               ] [20
pdfTeX warning (ext4): destination with the same identifier (name{table.5.3}) h
as been already used, duplicate ignored
<argument> ...shipout:D \box_use:N \l_shipout_box 
                                                  \__shipout_drop_firstpage_...
l.403 \end{table} \FloatBarrier
                               
pdfTeX warning (ext4): destination with the same identifier (name{table.5.4}) h
as been already used, duplicate ignored
<argument> ...shipout:D \box_use:N \l_shipout_box 
                                                  \__shipout_drop_firstpage_...
l.403 \end{table} \FloatBarrier
                               
pdfTeX warning (ext4): destination with the same identifier (name{table.5.5}) h
as been already used, duplicate ignored
<argument> ...shipout:D \box_use:N \l_shipout_box 
                                                  \__shipout_drop_firstpage_...
l.403 \end{table} \FloatBarrier
                               ] [21
pdfTeX warning (ext4): destination with the same identifier (name{table.5.6}) h
as been already used, duplicate ignored
<argument> ...shipout:D \box_use:N \l_shipout_box 
                                                  \__shipout_drop_firstpage_...
l.452 \end{table} \FloatBarrier
                               
pdfTeX warning (ext4): destination with the same identifier (name{table.5.7}) h
as been already used, duplicate ignored
<argument> ...shipout:D \box_use:N \l_shipout_box 
                                                  \__shipout_drop_firstpage_...
l.452 \end{table} \FloatBarrier
                               ] [22
pdfTeX warning (ext4): destination with the same identifier (name{table.5.8}) h
as been already used, duplicate ignored
<argument> ...shipout:D \box_use:N \l_shipout_box 
                                                  \__shipout_drop_firstpage_...
l.519 \end{table} \FloatBarrier
                               
pdfTeX warning (ext4): destination with the same identifier (name{table.5.9}) h
as been already used, duplicate ignored
<argument> ...shipout:D \box_use:N \l_shipout_box 
                                                  \__shipout_drop_firstpage_...
l.519 \end{table} \FloatBarrier
                               
pdfTeX warning (ext4): destination with the same identifier (name{table.5.10}) 
has been already used, duplicate ignored
<argument> ...shipout:D \box_use:N \l_shipout_box 
                                                  \__shipout_drop_firstpage_...
l.519 \end{table} \FloatBarrier
                               ] [23
pdfTeX warning (ext4): destination with the same identifier (name{table.5.11}) 
has been already used, duplicate ignored
<argument> ...shipout:D \box_use:N \l_shipout_box 
                                                  \__shipout_drop_firstpage_...
l.584 \end{table} \FloatBarrier
                               
pdfTeX warning (ext4): destination with the same identifier (name{table.5.12}) 
has been already used, duplicate ignored
<argument> ...shipout:D \box_use:N \l_shipout_box 
                                                  \__shipout_drop_firstpage_...
l.584 \end{table} \FloatBarrier
                               
pdfTeX warning (ext4): destination with the same identifier (name{table.5.13}) 
has been already used, duplicate ignored
<argument> ...shipout:D \box_use:N \l_shipout_box 
                                                  \__shipout_drop_firstpage_...
l.584 \end{table} \FloatBarrier
                               ] [24
pdfTeX warning (ext4): destination with the same identifier (name{table.5.14}) 
has been already used, duplicate ignored
<argument> ...shipout:D \box_use:N \l_shipout_box 
                                                  \__shipout_drop_firstpage_...
l.654 
      
pdfTeX warning (ext4): destination with the same identifier (name{table.5.15}) 
has been already used, duplicate ignored
<argument> ...shipout:D \box_use:N \l_shipout_box 
                                                  \__shipout_drop_firstpage_...
l.654 
      
pdfTeX warning (ext4): destination with the same identifier (name{table.5.16}) 
has been already used, duplicate ignored
<argument> ...shipout:D \box_use:N \l_shipout_box 
                                                  \__shipout_drop_firstpage_...
l.654 
      ] [25
pdfTeX warning (ext4): destination with the same identifier (name{table.5.17}) 
has been already used, duplicate ignored
<argument> ...shipout:D \box_use:N \l_shipout_box 
                                                  \__shipout_drop_firstpage_...
l.705 \end{table} \FloatBarrier
                               
pdfTeX warning (ext4): destination with the same identifier (name{table.5.18}) 
has been already used, duplicate ignored
<argument> ...shipout:D \box_use:N \l_shipout_box 
                                                  \__shipout_drop_firstpage_...
l.705 \end{table} \FloatBarrier
                               ] [26
pdfTeX warning (ext4): destination with the same identifier (name{table.5.19}) 
has been already used, duplicate ignored
<argument> ...shipout:D \box_use:N \l_shipout_box 
                                                  \__shipout_drop_firstpage_...
l.751 \end{table} \FloatBarrier
                               
pdfTeX warning (ext4): destination with the same identifier (name{table.5.20}) 
has been already used, duplicate ignored
<argument> ...shipout:D \box_use:N \l_shipout_box 
                                                  \__shipout_drop_firstpage_...
l.751 \end{table} \FloatBarrier
                               ] [27
pdfTeX warning (ext4): destination with the same identifier (name{table.5.21}) 
has been already used, duplicate ignored
<argument> ...shipout:D \box_use:N \l_shipout_box 
                                                  \__shipout_drop_firstpage_...
l.819 \end{table} \FloatBarrier
                               
pdfTeX warning (ext4): destination with the same identifier (name{table.5.22}) 
has been already used, duplicate ignored
<argument> ...shipout:D \box_use:N \l_shipout_box 
                                                  \__shipout_drop_firstpage_...
l.819 \end{table} \FloatBarrier
                               
pdfTeX warning (ext4): destination with the same identifier (name{table.5.23}) 
has been already used, duplicate ignored
<argument> ...shipout:D \box_use:N \l_shipout_box 
                                                  \__shipout_drop_firstpage_...
l.819 \end{table} \FloatBarrier
                               ] [28
pdfTeX warning (ext4): destination with the same identifier (name{table.5.24}) 
has been already used, duplicate ignored
<argument> ...shipout:D \box_use:N \l_shipout_box 
                                                  \__shipout_drop_firstpage_...
l.887 \end{table} \FloatBarrier
                               
pdfTeX warning (ext4): destination with the same identifier (name{table.5.25}) 
has been already used, duplicate ignored
<argument> ...shipout:D \box_use:N \l_shipout_box 
                                                  \__shipout_drop_firstpage_...
l.887 \end{table} \FloatBarrier
                               
pdfTeX warning (ext4): destination with the same identifier (name{table.5.26}) 
has been already used, duplicate ignored
<argument> ...shipout:D \box_use:N \l_shipout_box 
                                                  \__shipout_drop_firstpage_...
l.887 \end{table} \FloatBarrier
                               ] [29
pdfTeX warning (ext4): destination with the same identifier (name{table.5.27}) 
has been already used, duplicate ignored
<argument> ...shipout:D \box_use:N \l_shipout_box 
                                                  \__shipout_drop_firstpage_...
l.931 \end{table} \FloatBarrier
                               
pdfTeX warning (ext4): destination with the same identifier (name{table.5.28}) 
has been already used, duplicate ignored
<argument> ...shipout:D \box_use:N \l_shipout_box 
                                                  \__shipout_drop_firstpage_...
l.931 \end{table} \FloatBarrier
                               ] [30
pdfTeX warning (ext4): destination with the same identifier (name{table.5.29}) 
has been already used, duplicate ignored
<argument> ...shipout:D \box_use:N \l_shipout_box 
                                                  \__shipout_drop_firstpage_...
l.977 \end{table} \FloatBarrier
                               
pdfTeX warning (ext4): destination with the same identifier (name{table.5.30}) 
has been already used, duplicate ignored
<argument> ...shipout:D \box_use:N \l_shipout_box 
                                                  \__shipout_drop_firstpage_...
l.977 \end{table} \FloatBarrier
                               ] [31
pdfTeX warning (ext4): destination with the same identifier (name{table.5.31}) 
has been already used, duplicate ignored
<argument> ...shipout:D \box_use:N \l_shipout_box 
                                                  \__shipout_drop_firstpage_...
l.1022 \end{table} \FloatBarrier
                                
pdfTeX warning (ext4): destination with the same identifier (name{table.5.32}) 
has been already used, duplicate ignored
<argument> ...shipout:D \box_use:N \l_shipout_box 
                                                  \__shipout_drop_firstpage_...
l.1022 \end{table} \FloatBarrier
                                ] [32
pdfTeX warning (ext4): destination with the same identifier (name{table.5.33}) 
has been already used, duplicate ignored
<argument> ...shipout:D \box_use:N \l_shipout_box 
                                                  \__shipout_drop_firstpage_...
l.1087 \end{table} \FloatBarrier
                                
pdfTeX warning (ext4): destination with the same identifier (name{table.5.34}) 
has been already used, duplicate ignored
<argument> ...shipout:D \box_use:N \l_shipout_box 
                                                  \__shipout_drop_firstpage_...
l.1087 \end{table} \FloatBarrier
                                
pdfTeX warning (ext4): destination with the same identifier (name{table.5.35}) 
has been already used, duplicate ignored
<argument> ...shipout:D \box_use:N \l_shipout_box 
                                                  \__shipout_drop_firstpage_...
l.1087 \end{table} \FloatBarrier
                                ] [33
pdfTeX warning (ext4): destination with the same identifier (name{table.5.36}) 
has been already used, duplicate ignored
<argument> ...shipout:D \box_use:N \l_shipout_box 
                                                  \__shipout_drop_firstpage_...
l.1130 \end{table} \FloatBarrier
                                
pdfTeX warning (ext4): destination with the same identifier (name{table.5.37}) 
has been already used, duplicate ignored
<argument> ...shipout:D \box_use:N \l_shipout_box 
                                                  \__shipout_drop_firstpage_...
l.1130 \end{table} \FloatBarrier
                                ] [34
pdfTeX warning (ext4): destination with the same identifier (name{table.5.38}) 
has been already used, duplicate ignored
<argument> ...shipout:D \box_use:N \l_shipout_box 
                                                  \__shipout_drop_firstpage_...
l.1176 \end{table} \FloatBarrier
                                
pdfTeX warning (ext4): destination with the same identifier (name{table.5.39}) 
has been already used, duplicate ignored
<argument> ...shipout:D \box_use:N \l_shipout_box 
                                                  \__shipout_drop_firstpage_...
l.1176 \end{table} \FloatBarrier
                                ] [35
pdfTeX warning (ext4): destination with the same identifier (name{table.5.40}) 
has been already used, duplicate ignored
<argument> ...shipout:D \box_use:N \l_shipout_box 
                                                  \__shipout_drop_firstpage_...
l.1242 \end{table} \FloatBarrier
                                
pdfTeX warning (ext4): destination with the same identifier (name{table.5.41}) 
has been already used, duplicate ignored
<argument> ...shipout:D \box_use:N \l_shipout_box 
                                                  \__shipout_drop_firstpage_...
l.1242 \end{table} \FloatBarrier
                                
pdfTeX warning (ext4): destination with the same identifier (name{table.5.42}) 
has been already used, duplicate ignored
<argument> ...shipout:D \box_use:N \l_shipout_box 
                                                  \__shipout_drop_firstpage_...
l.1242 \end{table} \FloatBarrier
                                ] [36
pdfTeX warning (ext4): destination with the same identifier (name{table.5.43}) 
has been already used, duplicate ignored
<argument> ...shipout:D \box_use:N \l_shipout_box 
                                                  \__shipout_drop_firstpage_...
l.1245 \chapter
               {Non functional Requirements}]
chapter 6.

Underfull \hbox (badness 10000) in paragraph at lines 1255--1259

 []


Underfull \hbox (badness 10000) in paragraph at lines 1260--1266

 []


Underfull \hbox (badness 10000) in paragraph at lines 1260--1266

 []


Underfull \hbox (badness 10000) in paragraph at lines 1260--1266

 []


Underfull \hbox (badness 10000) in paragraph at lines 1266--1269

 []


Underfull \hbox (badness 10000) in paragraph at lines 1279--1281

 []


Underfull \hbox (badness 10000) in paragraph at lines 1291--1295

 []


Underfull \hbox (badness 10000) in paragraph at lines 1291--1295

 []

[37

]
Underfull \hbox (badness 10000) in paragraph at lines 1307--1311

 []


Underfull \hbox (badness 10000) in paragraph at lines 1311--1315

 []


Underfull \hbox (badness 10000) in paragraph at lines 1311--1315

 []


Underfull \hbox (badness 10000) in paragraph at lines 1311--1315

 []


Underfull \hbox (badness 10000) in paragraph at lines 1315--1321

 []


Underfull \hbox (badness 10000) in paragraph at lines 1326--1330

 []

[38]
chapter 7.

Underfull \hbox (badness 1430) in paragraph at lines 1349--1349
\T1/lmr/m/n/10 ules Break-down, pro-to-type in figma: Ap-pli-cants Plat-form,
 []

[39


pdfTeX warning (ext4): destination with the same identifier (name{table.7.1}) h
as been already used, duplicate ignored
<argument> ...shipout:D \box_use:N \l_shipout_box 
                                                  \__shipout_drop_firstpage_...
l.1356 \chapter
               {Appendix}]
chapter 8.
<CommitmentAgreement.jpg, id=541, 546.3612pt x 449.0376pt>
File: CommitmentAgreement.jpg Graphic file (type jpg)
<use CommitmentAgreement.jpg>
Package pdftex.def Info: CommitmentAgreement.jpg  used on input line 1363.
(pdftex.def)             Requested size: 339.72592pt x 279.21577pt.
[40

]
Underfull \hbox (badness 10000) in paragraph at lines 1374--1375

 []


Underfull \hbox (badness 10000) in paragraph at lines 1391--1392

 []


Underfull \hbox (badness 10000) in paragraph at lines 1393--1394

 []

[41
pdfTeX warning (ext4): destination with the same identifier (name{figure.8.1}) 
has been already used, duplicate ignored
<argument> ...shipout:D \box_use:N \l_shipout_box 
                                                  \__shipout_drop_firstpage_...
l.1394 
        <./CommitmentAgreement.jpg>]
Underfull \hbox (badness 10000) in paragraph at lines 1395--1396

 []


Underfull \hbox (badness 10000) in paragraph at lines 1397--1398

 []

<WebPrototype/wflow-1.jpeg, id=552, 1371.1225pt x 770.88pt>
File: WebPrototype/wflow-1.jpeg Graphic file (type jpg)
<use WebPrototype/wflow-1.jpeg>
Package pdftex.def Info: WebPrototype/wflow-1.jpeg  used on input line 1415.
(pdftex.def)             Requested size: 362.37569pt x 203.72939pt.
<WebPrototype/wflow-2.jpeg, id=553, 1371.1225pt x 770.88pt>
File: WebPrototype/wflow-2.jpeg Graphic file (type jpg)
<use WebPrototype/wflow-2.jpeg>
Package pdftex.def Info: WebPrototype/wflow-2.jpeg  used on input line 1421.
(pdftex.def)             Requested size: 362.37569pt x 203.72939pt.
[42
pdfTeX warning (ext4): destination with the same identifier (name{figure.8.2}) 
has been already used, duplicate ignored
<argument> ...shipout:D \box_use:N \l_shipout_box 
                                                  \__shipout_drop_firstpage_...
l.1424 
        <./WebPrototype/wflow-1.jpeg>]
<WebPrototype/wflow-3.jpeg, id=559, 1371.1225pt x 770.88pt>
File: WebPrototype/wflow-3.jpeg Graphic file (type jpg)
<use WebPrototype/wflow-3.jpeg>
Package pdftex.def Info: WebPrototype/wflow-3.jpeg  used on input line 1427.
(pdftex.def)             Requested size: 362.37569pt x 203.72939pt.
<WebPrototype/wflow-4.jpeg, id=560, 1371.1225pt x 770.88pt>
File: WebPrototype/wflow-4.jpeg Graphic file (type jpg)
<use WebPrototype/wflow-4.jpeg>
Package pdftex.def Info: WebPrototype/wflow-4.jpeg  used on input line 1433.
(pdftex.def)             Requested size: 362.37569pt x 203.72939pt.
 [43
pdfTeX warning (ext4): destination with the same identifier (name{figure.8.3}) 
has been already used, duplicate ignored
<argument> ...shipout:D \box_use:N \l_shipout_box 
                                                  \__shipout_drop_firstpage_...
l.1436 
       
pdfTeX warning (ext4): destination with the same identifier (name{figure.8.4}) 
has been already used, duplicate ignored
<argument> ...shipout:D \box_use:N \l_shipout_box 
                                                  \__shipout_drop_firstpage_...
l.1436 
        <./WebPrototype/wflow-2.jpeg> <./WebPrototype/wflow-3.jpeg>]
<WebPrototype/wflow-5.jpeg, id=565, 1371.1225pt x 770.88pt>
File: WebPrototype/wflow-5.jpeg Graphic file (type jpg)
<use WebPrototype/wflow-5.jpeg>
Package pdftex.def Info: WebPrototype/wflow-5.jpeg  used on input line 1439.
(pdftex.def)             Requested size: 362.37569pt x 203.72939pt.
<WebPrototype/wflow-6.jpeg, id=566, 1371.1225pt x 770.88pt>
File: WebPrototype/wflow-6.jpeg Graphic file (type jpg)
<use WebPrototype/wflow-6.jpeg>
Package pdftex.def Info: WebPrototype/wflow-6.jpeg  used on input line 1445.
(pdftex.def)             Requested size: 362.37569pt x 203.72939pt.
 [44
pdfTeX warning (ext4): destination with the same identifier (name{figure.8.5}) 
has been already used, duplicate ignored
<argument> ...shipout:D \box_use:N \l_shipout_box 
                                                  \__shipout_drop_firstpage_...
l.1448 
       
pdfTeX warning (ext4): destination with the same identifier (name{figure.8.6}) 
has been already used, duplicate ignored
<argument> ...shipout:D \box_use:N \l_shipout_box 
                                                  \__shipout_drop_firstpage_...
l.1448 
        <./WebPrototype/wflow-4.jpeg> <./WebPrototype/wflow-5.jpeg>]
<WebPrototype/wflow-7.jpeg, id=571, 1371.1225pt x 770.88pt>
File: WebPrototype/wflow-7.jpeg Graphic file (type jpg)
<use WebPrototype/wflow-7.jpeg>
Package pdftex.def Info: WebPrototype/wflow-7.jpeg  used on input line 1451.
(pdftex.def)             Requested size: 362.37569pt x 203.72939pt.
<WebPrototype/wflow-8.jpeg, id=572, 1371.1225pt x 770.88pt>
File: WebPrototype/wflow-8.jpeg Graphic file (type jpg)
<use WebPrototype/wflow-8.jpeg>
Package pdftex.def Info: WebPrototype/wflow-8.jpeg  used on input line 1457.
(pdftex.def)             Requested size: 362.37569pt x 203.72939pt.
 [45
pdfTeX warning (ext4): destination with the same identifier (name{figure.8.7}) 
has been already used, duplicate ignored
<argument> ...shipout:D \box_use:N \l_shipout_box 
                                                  \__shipout_drop_firstpage_...
l.1460 
       
pdfTeX warning (ext4): destination with the same identifier (name{figure.8.8}) 
has been already used, duplicate ignored
<argument> ...shipout:D \box_use:N \l_shipout_box 
                                                  \__shipout_drop_firstpage_...
l.1460 
        <./WebPrototype/wflow-6.jpeg> <./WebPrototype/wflow-7.jpeg>]
<WebPrototype/wflow-9.jpeg, id=577, 1371.1225pt x 770.88pt>
File: WebPrototype/wflow-9.jpeg Graphic file (type jpg)
<use WebPrototype/wflow-9.jpeg>
Package pdftex.def Info: WebPrototype/wflow-9.jpeg  used on input line 1463.
(pdftex.def)             Requested size: 362.37569pt x 203.72939pt.
<WebPrototype/wflow-10.jpeg, id=578, 1371.1225pt x 770.88pt>
File: WebPrototype/wflow-10.jpeg Graphic file (type jpg)
<use WebPrototype/wflow-10.jpeg>
Package pdftex.def Info: WebPrototype/wflow-10.jpeg  used on input line 1469.
(pdftex.def)             Requested size: 362.37569pt x 203.72939pt.
 [46
pdfTeX warning (ext4): destination with the same identifier (name{figure.8.9}) 
has been already used, duplicate ignored
<argument> ...shipout:D \box_use:N \l_shipout_box 
                                                  \__shipout_drop_firstpage_...
l.1472 
       
pdfTeX warning (ext4): destination with the same identifier (name{figure.8.10})
 has been already used, duplicate ignored
<argument> ...shipout:D \box_use:N \l_shipout_box 
                                                  \__shipout_drop_firstpage_...
l.1472 
        <./WebPrototype/wflow-8.jpeg> <./WebPrototype/wflow-9.jpeg>]
<WebPrototype/wflow-11.jpeg, id=583, 1371.1225pt x 770.88pt>
File: WebPrototype/wflow-11.jpeg Graphic file (type jpg)
<use WebPrototype/wflow-11.jpeg>
Package pdftex.def Info: WebPrototype/wflow-11.jpeg  used on input line 1475.
(pdftex.def)             Requested size: 362.37569pt x 203.72939pt.
<WebPrototype/wflow-12.jpeg, id=584, 1371.1225pt x 770.88pt>
File: WebPrototype/wflow-12.jpeg Graphic file (type jpg)
<use WebPrototype/wflow-12.jpeg>
Package pdftex.def Info: WebPrototype/wflow-12.jpeg  used on input line 1482.
(pdftex.def)             Requested size: 362.37569pt x 203.72939pt.
 [47
pdfTeX warning (ext4): destination with the same identifier (name{figure.8.11})
 has been already used, duplicate ignored
<argument> ...shipout:D \box_use:N \l_shipout_box 
                                                  \__shipout_drop_firstpage_...
l.1485 
       
pdfTeX warning (ext4): destination with the same identifier (name{figure.8.12})
 has been already used, duplicate ignored
<argument> ...shipout:D \box_use:N \l_shipout_box 
                                                  \__shipout_drop_firstpage_...
l.1485 
        <./WebPrototype/wflow-10.jpeg> <./WebPrototype/wflow-11.jpeg>]
<WebPrototype/wflow-13.jpeg, id=589, 1371.1225pt x 770.88pt>
File: WebPrototype/wflow-13.jpeg Graphic file (type jpg)
<use WebPrototype/wflow-13.jpeg>
Package pdftex.def Info: WebPrototype/wflow-13.jpeg  used on input line 1488.
(pdftex.def)             Requested size: 362.37569pt x 203.72939pt.
<WebPrototype/wflow-14.jpeg, id=590, 1371.1225pt x 770.88pt>
File: WebPrototype/wflow-14.jpeg Graphic file (type jpg)
<use WebPrototype/wflow-14.jpeg>
Package pdftex.def Info: WebPrototype/wflow-14.jpeg  used on input line 1494.
(pdftex.def)             Requested size: 362.37569pt x 203.72939pt.
 [48
pdfTeX warning (ext4): destination with the same identifier (name{figure.8.13})
 has been already used, duplicate ignored
<argument> ...shipout:D \box_use:N \l_shipout_box 
                                                  \__shipout_drop_firstpage_...
l.1497 
       
pdfTeX warning (ext4): destination with the same identifier (name{figure.8.14})
 has been already used, duplicate ignored
<argument> ...shipout:D \box_use:N \l_shipout_box 
                                                  \__shipout_drop_firstpage_...
l.1497 
        <./WebPrototype/wflow-12.jpeg> <./WebPrototype/wflow-13.jpeg>]
<WebPrototype/wflow-15.jpeg, id=596, 1371.1225pt x 770.88pt>
File: WebPrototype/wflow-15.jpeg Graphic file (type jpg)
<use WebPrototype/wflow-15.jpeg>
Package pdftex.def Info: WebPrototype/wflow-15.jpeg  used on input line 1500.
(pdftex.def)             Requested size: 362.37569pt x 203.72939pt.
<WebPrototype/wflow-16.jpeg, id=597, 1371.1225pt x 770.88pt>
File: WebPrototype/wflow-16.jpeg Graphic file (type jpg)
<use WebPrototype/wflow-16.jpeg>
Package pdftex.def Info: WebPrototype/wflow-16.jpeg  used on input line 1506.
(pdftex.def)             Requested size: 362.37569pt x 203.72939pt.
 [49
pdfTeX warning (ext4): destination with the same identifier (name{figure.8.15})
 has been already used, duplicate ignored
<argument> ...shipout:D \box_use:N \l_shipout_box 
                                                  \__shipout_drop_firstpage_...
l.1509 
       
pdfTeX warning (ext4): destination with the same identifier (name{figure.8.16})
 has been already used, duplicate ignored
<argument> ...shipout:D \box_use:N \l_shipout_box 
                                                  \__shipout_drop_firstpage_...
l.1509 
        <./WebPrototype/wflow-14.jpeg> <./WebPrototype/wflow-15.jpeg>]
<WebPrototype/wflow-17.jpeg, id=602, 1371.1225pt x 770.88pt>
File: WebPrototype/wflow-17.jpeg Graphic file (type jpg)
<use WebPrototype/wflow-17.jpeg>
Package pdftex.def Info: WebPrototype/wflow-17.jpeg  used on input line 1512.
(pdftex.def)             Requested size: 362.37569pt x 203.72939pt.
<WebPrototype/wflow-18.jpeg, id=603, 1371.1225pt x 770.88pt>
File: WebPrototype/wflow-18.jpeg Graphic file (type jpg)
<use WebPrototype/wflow-18.jpeg>
Package pdftex.def Info: WebPrototype/wflow-18.jpeg  used on input line 1518.
(pdftex.def)             Requested size: 362.37569pt x 203.72939pt.
 [50
pdfTeX warning (ext4): destination with the same identifier (name{figure.8.17})
 has been already used, duplicate ignored
<argument> ...shipout:D \box_use:N \l_shipout_box 
                                                  \__shipout_drop_firstpage_...
l.1521 
       
pdfTeX warning (ext4): destination with the same identifier (name{figure.8.18})
 has been already used, duplicate ignored
<argument> ...shipout:D \box_use:N \l_shipout_box 
                                                  \__shipout_drop_firstpage_...
l.1521 
        <./WebPrototype/wflow-16.jpeg> <./WebPrototype/wflow-17.jpeg>]
<WebPrototype/wflow-19.jpeg, id=608, 1371.1225pt x 770.88pt>
File: WebPrototype/wflow-19.jpeg Graphic file (type jpg)
<use WebPrototype/wflow-19.jpeg>
Package pdftex.def Info: WebPrototype/wflow-19.jpeg  used on input line 1524.
(pdftex.def)             Requested size: 362.37569pt x 203.72939pt.
<WebPrototype/wflow-20.jpeg, id=609, 1371.1225pt x 770.88pt>
File: WebPrototype/wflow-20.jpeg Graphic file (type jpg)
<use WebPrototype/wflow-20.jpeg>
Package pdftex.def Info: WebPrototype/wflow-20.jpeg  used on input line 1530.
(pdftex.def)             Requested size: 362.37569pt x 203.72939pt.
 [51
pdfTeX warning (ext4): destination with the same identifier (name{figure.8.19})
 has been already used, duplicate ignored
<argument> ...shipout:D \box_use:N \l_shipout_box 
                                                  \__shipout_drop_firstpage_...
l.1533 
       
pdfTeX warning (ext4): destination with the same identifier (name{figure.8.20})
 has been already used, duplicate ignored
<argument> ...shipout:D \box_use:N \l_shipout_box 
                                                  \__shipout_drop_firstpage_...
l.1533 
        <./WebPrototype/wflow-18.jpeg> <./WebPrototype/wflow-19.jpeg>]
<WebPrototype/wflow-21.jpeg, id=614, 1371.1225pt x 770.88pt>
File: WebPrototype/wflow-21.jpeg Graphic file (type jpg)
<use WebPrototype/wflow-21.jpeg>
Package pdftex.def Info: WebPrototype/wflow-21.jpeg  used on input line 1537.
(pdftex.def)             Requested size: 362.37569pt x 203.72939pt.
<WebPrototype/wflow-22.jpeg, id=615, 1371.1225pt x 770.88pt>
File: WebPrototype/wflow-22.jpeg Graphic file (type jpg)
<use WebPrototype/wflow-22.jpeg>
Package pdftex.def Info: WebPrototype/wflow-22.jpeg  used on input line 1543.
(pdftex.def)             Requested size: 362.37569pt x 203.72939pt.
 [52
pdfTeX warning (ext4): destination with the same identifier (name{figure.8.21})
 has been already used, duplicate ignored
<argument> ...shipout:D \box_use:N \l_shipout_box 
                                                  \__shipout_drop_firstpage_...
l.1546 
       
pdfTeX warning (ext4): destination with the same identifier (name{figure.8.22})
 has been already used, duplicate ignored
<argument> ...shipout:D \box_use:N \l_shipout_box 
                                                  \__shipout_drop_firstpage_...
l.1546 
        <./WebPrototype/wflow-20.jpeg> <./WebPrototype/wflow-21.jpeg>]
<WebPrototype/wflow-23.jpeg, id=620, 1371.1225pt x 770.88pt>
File: WebPrototype/wflow-23.jpeg Graphic file (type jpg)
<use WebPrototype/wflow-23.jpeg>
Package pdftex.def Info: WebPrototype/wflow-23.jpeg  used on input line 1549.
(pdftex.def)             Requested size: 362.37569pt x 203.72939pt.
<WebPrototype/wflow-24.jpeg, id=621, 1371.1225pt x 770.88pt>
File: WebPrototype/wflow-24.jpeg Graphic file (type jpg)
<use WebPrototype/wflow-24.jpeg>
Package pdftex.def Info: WebPrototype/wflow-24.jpeg  used on input line 1555.
(pdftex.def)             Requested size: 362.37569pt x 203.72939pt.
 [53
pdfTeX warning (ext4): destination with the same identifier (name{figure.8.23})
 has been already used, duplicate ignored
<argument> ...shipout:D \box_use:N \l_shipout_box 
                                                  \__shipout_drop_firstpage_...
l.1558 
       
pdfTeX warning (ext4): destination with the same identifier (name{figure.8.24})
 has been already used, duplicate ignored
<argument> ...shipout:D \box_use:N \l_shipout_box 
                                                  \__shipout_drop_firstpage_...
l.1558 
        <./WebPrototype/wflow-22.jpeg> <./WebPrototype/wflow-23.jpeg>]
<WebPrototype/wflow-25.jpeg, id=626, 1371.1225pt x 770.88pt>
File: WebPrototype/wflow-25.jpeg Graphic file (type jpg)
<use WebPrototype/wflow-25.jpeg>
Package pdftex.def Info: WebPrototype/wflow-25.jpeg  used on input line 1561.
(pdftex.def)             Requested size: 362.37569pt x 203.72939pt.
<WebPrototype/wflow-25-2.jpg, id=627, 1371.1225pt x 770.88pt>
File: WebPrototype/wflow-25-2.jpg Graphic file (type jpg)
<use WebPrototype/wflow-25-2.jpg>
Package pdftex.def Info: WebPrototype/wflow-25-2.jpg  used on input line 1567.
(pdftex.def)             Requested size: 362.37569pt x 203.72939pt.
 [54
pdfTeX warning (ext4): destination with the same identifier (name{figure.8.25})
 has been already used, duplicate ignored
<argument> ...shipout:D \box_use:N \l_shipout_box 
                                                  \__shipout_drop_firstpage_...
l.1570 
       
pdfTeX warning (ext4): destination with the same identifier (name{figure.8.26})
 has been already used, duplicate ignored
<argument> ...shipout:D \box_use:N \l_shipout_box 
                                                  \__shipout_drop_firstpage_...
l.1570 
        <./WebPrototype/wflow-24.jpeg> <./WebPrototype/wflow-25.jpeg>]
<WebPrototype/wflow-26.jpeg, id=633, 1371.1225pt x 770.88pt>
File: WebPrototype/wflow-26.jpeg Graphic file (type jpg)
<use WebPrototype/wflow-26.jpeg>
Package pdftex.def Info: WebPrototype/wflow-26.jpeg  used on input line 1573.
(pdftex.def)             Requested size: 362.37569pt x 203.72939pt.
<WebPrototype/wflow-27.jpeg, id=634, 1371.1225pt x 770.88pt>
File: WebPrototype/wflow-27.jpeg Graphic file (type jpg)
<use WebPrototype/wflow-27.jpeg>
Package pdftex.def Info: WebPrototype/wflow-27.jpeg  used on input line 1579.
(pdftex.def)             Requested size: 362.37569pt x 203.72939pt.
 [55
pdfTeX warning (ext4): destination with the same identifier (name{figure.8.27})
 has been already used, duplicate ignored
<argument> ...shipout:D \box_use:N \l_shipout_box 
                                                  \__shipout_drop_firstpage_...
l.1582 
       
pdfTeX warning (ext4): destination with the same identifier (name{figure.8.28})
 has been already used, duplicate ignored
<argument> ...shipout:D \box_use:N \l_shipout_box 
                                                  \__shipout_drop_firstpage_...
l.1582 
        <./WebPrototype/wflow-25-2.jpg> <./WebPrototype/wflow-26.jpeg>]
<WebPrototype/wflow-28.jpeg, id=639, 1371.1225pt x 770.88pt>
File: WebPrototype/wflow-28.jpeg Graphic file (type jpg)
<use WebPrototype/wflow-28.jpeg>
Package pdftex.def Info: WebPrototype/wflow-28.jpeg  used on input line 1585.
(pdftex.def)             Requested size: 362.37569pt x 203.72939pt.
<WebPrototype/wflow-29.jpeg, id=640, 1371.1225pt x 770.88pt>
File: WebPrototype/wflow-29.jpeg Graphic file (type jpg)
<use WebPrototype/wflow-29.jpeg>
Package pdftex.def Info: WebPrototype/wflow-29.jpeg  used on input line 1591.
(pdftex.def)             Requested size: 362.37569pt x 203.72939pt.

[56
pdfTeX warning (ext4): destination with the same identifier (name{figure.8.29})
 has been already used, duplicate ignored
<argument> ...shipout:D \box_use:N \l_shipout_box 
                                                  \__shipout_drop_firstpage_...
l.1594 
       
pdfTeX warning (ext4): destination with the same identifier (name{figure.8.30})
 has been already used, duplicate ignored
<argument> ...shipout:D \box_use:N \l_shipout_box 
                                                  \__shipout_drop_firstpage_...
l.1594 
        <./WebPrototype/wflow-27.jpeg> <./WebPrototype/wflow-28.jpeg>]
<WebPrototype/wflow-30.jpeg, id=645, 1371.1225pt x 770.88pt>
File: WebPrototype/wflow-30.jpeg Graphic file (type jpg)
<use WebPrototype/wflow-30.jpeg>
Package pdftex.def Info: WebPrototype/wflow-30.jpeg  used on input line 1597.
(pdftex.def)             Requested size: 362.37569pt x 203.72939pt.
<WebPrototype/wflow-31-2.jpg, id=646, 1371.1225pt x 770.88pt>
File: WebPrototype/wflow-31-2.jpg Graphic file (type jpg)
<use WebPrototype/wflow-31-2.jpg>
Package pdftex.def Info: WebPrototype/wflow-31-2.jpg  used on input line 1603.
(pdftex.def)             Requested size: 362.37569pt x 203.72939pt.
 [57
pdfTeX warning (ext4): destination with the same identifier (name{figure.8.31})
 has been already used, duplicate ignored
<argument> ...shipout:D \box_use:N \l_shipout_box 
                                                  \__shipout_drop_firstpage_...
l.1606 
       
pdfTeX warning (ext4): destination with the same identifier (name{figure.8.32})
 has been already used, duplicate ignored
<argument> ...shipout:D \box_use:N \l_shipout_box 
                                                  \__shipout_drop_firstpage_...
l.1606 
        <./WebPrototype/wflow-29.jpeg> <./WebPrototype/wflow-30.jpeg>]
<WebPrototype/wflow-31.jpeg, id=651, 1371.1225pt x 770.88pt>
File: WebPrototype/wflow-31.jpeg Graphic file (type jpg)
<use WebPrototype/wflow-31.jpeg>
Package pdftex.def Info: WebPrototype/wflow-31.jpeg  used on input line 1609.
(pdftex.def)             Requested size: 362.37569pt x 203.72939pt.
<WebPrototype/wflow-32.jpeg, id=652, 1371.1225pt x 770.88pt>
File: WebPrototype/wflow-32.jpeg Graphic file (type jpg)
<use WebPrototype/wflow-32.jpeg>
Package pdftex.def Info: WebPrototype/wflow-32.jpeg  used on input line 1615.
(pdftex.def)             Requested size: 362.37569pt x 203.72939pt.
 [58
pdfTeX warning (ext4): destination with the same identifier (name{figure.8.33})
 has been already used, duplicate ignored
<argument> ...shipout:D \box_use:N \l_shipout_box 
                                                  \__shipout_drop_firstpage_...
l.1618 
       
pdfTeX warning (ext4): destination with the same identifier (name{figure.8.34})
 has been already used, duplicate ignored
<argument> ...shipout:D \box_use:N \l_shipout_box 
                                                  \__shipout_drop_firstpage_...
l.1618 
        <./WebPrototype/wflow-31-2.jpg> <./WebPrototype/wflow-31.jpeg>]
<WebPrototype/wflow-33.jpeg, id=658, 1371.1225pt x 770.88pt>
File: WebPrototype/wflow-33.jpeg Graphic file (type jpg)
<use WebPrototype/wflow-33.jpeg>
Package pdftex.def Info: WebPrototype/wflow-33.jpeg  used on input line 1621.
(pdftex.def)             Requested size: 362.37569pt x 203.72939pt.
<WebPrototype/wflow-34.jpeg, id=659, 1371.1225pt x 770.88pt>
File: WebPrototype/wflow-34.jpeg Graphic file (type jpg)
<use WebPrototype/wflow-34.jpeg>
Package pdftex.def Info: WebPrototype/wflow-34.jpeg  used on input line 1627.
(pdftex.def)             Requested size: 362.37569pt x 203.72939pt.

[59
pdfTeX warning (ext4): destination with the same identifier (name{figure.8.35})
 has been already used, duplicate ignored
<argument> ...shipout:D \box_use:N \l_shipout_box 
                                                  \__shipout_drop_firstpage_...
l.1630 
       
pdfTeX warning (ext4): destination with the same identifier (name{figure.8.36})
 has been already used, duplicate ignored
<argument> ...shipout:D \box_use:N \l_shipout_box 
                                                  \__shipout_drop_firstpage_...
l.1630 
        <./WebPrototype/wflow-32.jpeg> <./WebPrototype/wflow-33.jpeg>]
<WebPrototype/wflow-35.jpeg, id=664, 1371.1225pt x 770.88pt>
File: WebPrototype/wflow-35.jpeg Graphic file (type jpg)
<use WebPrototype/wflow-35.jpeg>
Package pdftex.def Info: WebPrototype/wflow-35.jpeg  used on input line 1633.
(pdftex.def)             Requested size: 362.37569pt x 203.72939pt.
<WebPrototype/wflow-36.jpeg, id=665, 1371.1225pt x 770.88pt>
File: WebPrototype/wflow-36.jpeg Graphic file (type jpg)
<use WebPrototype/wflow-36.jpeg>
Package pdftex.def Info: WebPrototype/wflow-36.jpeg  used on input line 1639.
(pdftex.def)             Requested size: 362.37569pt x 203.72939pt.
 [60
pdfTeX warning (ext4): destination with the same identifier (name{figure.8.37})
 has been already used, duplicate ignored
<argument> ...shipout:D \box_use:N \l_shipout_box 
                                                  \__shipout_drop_firstpage_...
l.1642 
       
pdfTeX warning (ext4): destination with the same identifier (name{figure.8.38})
 has been already used, duplicate ignored
<argument> ...shipout:D \box_use:N \l_shipout_box 
                                                  \__shipout_drop_firstpage_...
l.1642 
        <./WebPrototype/wflow-34.jpeg> <./WebPrototype/wflow-35.jpeg>]
<WebPrototype/wflow-37.jpeg, id=671, 1371.1225pt x 770.88pt>
File: WebPrototype/wflow-37.jpeg Graphic file (type jpg)
<use WebPrototype/wflow-37.jpeg>
Package pdftex.def Info: WebPrototype/wflow-37.jpeg  used on input line 1645.
(pdftex.def)             Requested size: 362.37569pt x 203.72939pt.
<WebPrototype/wflow-38.jpeg, id=672, 1371.1225pt x 770.88pt>
File: WebPrototype/wflow-38.jpeg Graphic file (type jpg)
<use WebPrototype/wflow-38.jpeg>
Package pdftex.def Info: WebPrototype/wflow-38.jpeg  used on input line 1651.
(pdftex.def)             Requested size: 362.37569pt x 203.72939pt.
 [61
pdfTeX warning (ext4): destination with the same identifier (name{figure.8.39})
 has been already used, duplicate ignored
<argument> ...shipout:D \box_use:N \l_shipout_box 
                                                  \__shipout_drop_firstpage_...
l.1654 
       
pdfTeX warning (ext4): destination with the same identifier (name{figure.8.40})
 has been already used, duplicate ignored
<argument> ...shipout:D \box_use:N \l_shipout_box 
                                                  \__shipout_drop_firstpage_...
l.1654 
        <./WebPrototype/wflow-36.jpeg> <./WebPrototype/wflow-37.jpeg>]
<WebPrototype/wflow-39.jpeg, id=677, 1371.1225pt x 770.88pt>
File: WebPrototype/wflow-39.jpeg Graphic file (type jpg)
<use WebPrototype/wflow-39.jpeg>
Package pdftex.def Info: WebPrototype/wflow-39.jpeg  used on input line 1657.
(pdftex.def)             Requested size: 362.37569pt x 203.72939pt.
<WebPrototype/wflow-40.jpeg, id=678, 1371.1225pt x 770.88pt>
File: WebPrototype/wflow-40.jpeg Graphic file (type jpg)
<use WebPrototype/wflow-40.jpeg>
Package pdftex.def Info: WebPrototype/wflow-40.jpeg  used on input line 1663.
(pdftex.def)             Requested size: 362.37569pt x 203.72939pt.
 [62
pdfTeX warning (ext4): destination with the same identifier (name{figure.8.41})
 has been already used, duplicate ignored
<argument> ...shipout:D \box_use:N \l_shipout_box 
                                                  \__shipout_drop_firstpage_...
l.1666 
       
pdfTeX warning (ext4): destination with the same identifier (name{figure.8.42})
 has been already used, duplicate ignored
<argument> ...shipout:D \box_use:N \l_shipout_box 
                                                  \__shipout_drop_firstpage_...
l.1666 
        <./WebPrototype/wflow-38.jpeg> <./WebPrototype/wflow-39.jpeg>]
<WebPrototype/wflow-41.jpeg, id=683, 1371.1225pt x 770.88pt>
File: WebPrototype/wflow-41.jpeg Graphic file (type jpg)
<use WebPrototype/wflow-41.jpeg>
Package pdftex.def Info: WebPrototype/wflow-41.jpeg  used on input line 1670.
(pdftex.def)             Requested size: 362.37569pt x 203.72939pt.
<WebPrototype/wflow-42.jpeg, id=684, 1371.1225pt x 770.88pt>
File: WebPrototype/wflow-42.jpeg Graphic file (type jpg)
<use WebPrototype/wflow-42.jpeg>
Package pdftex.def Info: WebPrototype/wflow-42.jpeg  used on input line 1676.
(pdftex.def)             Requested size: 362.37569pt x 203.72939pt.
 [63
pdfTeX warning (ext4): destination with the same identifier (name{figure.8.43})
 has been already used, duplicate ignored
<argument> ...shipout:D \box_use:N \l_shipout_box 
                                                  \__shipout_drop_firstpage_...
l.1679 
       
pdfTeX warning (ext4): destination with the same identifier (name{figure.8.44})
 has been already used, duplicate ignored
<argument> ...shipout:D \box_use:N \l_shipout_box 
                                                  \__shipout_drop_firstpage_...
l.1679 
        <./WebPrototype/wflow-40.jpeg> <./WebPrototype/wflow-41.jpeg>]
<WebPrototype/wflow-43.jpeg, id=689, 1371.1225pt x 770.88pt>
File: WebPrototype/wflow-43.jpeg Graphic file (type jpg)
<use WebPrototype/wflow-43.jpeg>
Package pdftex.def Info: WebPrototype/wflow-43.jpeg  used on input line 1682.
(pdftex.def)             Requested size: 362.37569pt x 203.72939pt.
<WebPrototype/wflow-44.jpeg, id=690, 1371.1225pt x 770.88pt>
File: WebPrototype/wflow-44.jpeg Graphic file (type jpg)
<use WebPrototype/wflow-44.jpeg>
Package pdftex.def Info: WebPrototype/wflow-44.jpeg  used on input line 1688.
(pdftex.def)             Requested size: 362.37569pt x 203.72939pt.
 [64
pdfTeX warning (ext4): destination with the same identifier (name{figure.8.45})
 has been already used, duplicate ignored
<argument> ...shipout:D \box_use:N \l_shipout_box 
                                                  \__shipout_drop_firstpage_...
l.1691 
       
pdfTeX warning (ext4): destination with the same identifier (name{figure.8.46})
 has been already used, duplicate ignored
<argument> ...shipout:D \box_use:N \l_shipout_box 
                                                  \__shipout_drop_firstpage_...
l.1691 
        <./WebPrototype/wflow-42.jpeg> <./WebPrototype/wflow-43.jpeg>]
<WebPrototype/wflow-45.jpeg, id=695, 1371.1225pt x 770.88pt>
File: WebPrototype/wflow-45.jpeg Graphic file (type jpg)
<use WebPrototype/wflow-45.jpeg>
Package pdftex.def Info: WebPrototype/wflow-45.jpeg  used on input line 1694.
(pdftex.def)             Requested size: 362.37569pt x 203.72939pt.
<WebPrototype/wflow-46.jpeg, id=696, 1371.1225pt x 770.88pt>
File: WebPrototype/wflow-46.jpeg Graphic file (type jpg)
<use WebPrototype/wflow-46.jpeg>
Package pdftex.def Info: WebPrototype/wflow-46.jpeg  used on input line 1700.
(pdftex.def)             Requested size: 362.37569pt x 203.72939pt.
 [65
pdfTeX warning (ext4): destination with the same identifier (name{figure.8.47})
 has been already used, duplicate ignored
<argument> ...shipout:D \box_use:N \l_shipout_box 
                                                  \__shipout_drop_firstpage_...
l.1703 
       
pdfTeX warning (ext4): destination with the same identifier (name{figure.8.48})
 has been already used, duplicate ignored
<argument> ...shipout:D \box_use:N \l_shipout_box 
                                                  \__shipout_drop_firstpage_...
l.1703 
        <./WebPrototype/wflow-44.jpeg> <./WebPrototype/wflow-45.jpeg>]
<WebPrototype/wflow-47.jpeg, id=701, 1371.1225pt x 770.88pt>
File: WebPrototype/wflow-47.jpeg Graphic file (type jpg)
<use WebPrototype/wflow-47.jpeg>
Package pdftex.def Info: WebPrototype/wflow-47.jpeg  used on input line 1706.
(pdftex.def)             Requested size: 362.37569pt x 203.72939pt.
<WebPrototype/wflow-48.jpeg, id=702, 1371.1225pt x 770.88pt>
File: WebPrototype/wflow-48.jpeg Graphic file (type jpg)
<use WebPrototype/wflow-48.jpeg>
Package pdftex.def Info: WebPrototype/wflow-48.jpeg  used on input line 1712.
(pdftex.def)             Requested size: 362.37569pt x 203.72939pt.
 [66
pdfTeX warning (ext4): destination with the same identifier (name{figure.8.49})
 has been already used, duplicate ignored
<argument> ...shipout:D \box_use:N \l_shipout_box 
                                                  \__shipout_drop_firstpage_...
l.1715 
       
pdfTeX warning (ext4): destination with the same identifier (name{figure.8.50})
 has been already used, duplicate ignored
<argument> ...shipout:D \box_use:N \l_shipout_box 
                                                  \__shipout_drop_firstpage_...
l.1715 
        <./WebPrototype/wflow-46.jpeg> <./WebPrototype/wflow-47.jpeg>]
<WebPrototype/wflow-49.jpeg, id=708, 1371.1225pt x 770.88pt>
File: WebPrototype/wflow-49.jpeg Graphic file (type jpg)
<use WebPrototype/wflow-49.jpeg>
Package pdftex.def Info: WebPrototype/wflow-49.jpeg  used on input line 1718.
(pdftex.def)             Requested size: 362.37569pt x 203.72939pt.
<WebPrototype/wflow-50.jpeg, id=709, 1371.1225pt x 770.88pt>
File: WebPrototype/wflow-50.jpeg Graphic file (type jpg)
<use WebPrototype/wflow-50.jpeg>
Package pdftex.def Info: WebPrototype/wflow-50.jpeg  used on input line 1724.
(pdftex.def)             Requested size: 362.37569pt x 203.72939pt.
 [67
pdfTeX warning (ext4): destination with the same identifier (name{figure.8.51})
 has been already used, duplicate ignored
<argument> ...shipout:D \box_use:N \l_shipout_box 
                                                  \__shipout_drop_firstpage_...
l.1727 
       
pdfTeX warning (ext4): destination with the same identifier (name{figure.8.52})
 has been already used, duplicate ignored
<argument> ...shipout:D \box_use:N \l_shipout_box 
                                                  \__shipout_drop_firstpage_...
l.1727 
        <./WebPrototype/wflow-48.jpeg> <./WebPrototype/wflow-49.jpeg>]
<WebPrototype/wflow-51.jpeg, id=714, 1371.1225pt x 770.88pt>
File: WebPrototype/wflow-51.jpeg Graphic file (type jpg)
<use WebPrototype/wflow-51.jpeg>
Package pdftex.def Info: WebPrototype/wflow-51.jpeg  used on input line 1730.
(pdftex.def)             Requested size: 362.37569pt x 203.72939pt.
<WebPrototype/wflow-52.jpeg, id=715, 1371.1225pt x 770.88pt>
File: WebPrototype/wflow-52.jpeg Graphic file (type jpg)
<use WebPrototype/wflow-52.jpeg>
Package pdftex.def Info: WebPrototype/wflow-52.jpeg  used on input line 1736.
(pdftex.def)             Requested size: 362.37569pt x 203.72939pt.
 [68
pdfTeX warning (ext4): destination with the same identifier (name{figure.8.53})
 has been already used, duplicate ignored
<argument> ...shipout:D \box_use:N \l_shipout_box 
                                                  \__shipout_drop_firstpage_...
l.1739 
       
pdfTeX warning (ext4): destination with the same identifier (name{figure.8.54})
 has been already used, duplicate ignored
<argument> ...shipout:D \box_use:N \l_shipout_box 
                                                  \__shipout_drop_firstpage_...
l.1739 
        <./WebPrototype/wflow-50.jpeg> <./WebPrototype/wflow-51.jpeg>]
<WebPrototype/wflow-53.jpeg, id=720, 1371.1225pt x 770.88pt>
File: WebPrototype/wflow-53.jpeg Graphic file (type jpg)
<use WebPrototype/wflow-53.jpeg>
Package pdftex.def Info: WebPrototype/wflow-53.jpeg  used on input line 1742.
(pdftex.def)             Requested size: 362.37569pt x 203.72939pt.
<WebPrototype/wflow-54.jpeg, id=721, 1371.1225pt x 770.88pt>
File: WebPrototype/wflow-54.jpeg Graphic file (type jpg)
<use WebPrototype/wflow-54.jpeg>
Package pdftex.def Info: WebPrototype/wflow-54.jpeg  used on input line 1748.
(pdftex.def)             Requested size: 362.37569pt x 203.72939pt.
 [69
pdfTeX warning (ext4): destination with the same identifier (name{figure.8.55})
 has been already used, duplicate ignored
<argument> ...shipout:D \box_use:N \l_shipout_box 
                                                  \__shipout_drop_firstpage_...
l.1751 
       
pdfTeX warning (ext4): destination with the same identifier (name{figure.8.56})
 has been already used, duplicate ignored
<argument> ...shipout:D \box_use:N \l_shipout_box 
                                                  \__shipout_drop_firstpage_...
l.1751 
        <./WebPrototype/wflow-52.jpeg> <./WebPrototype/wflow-53.jpeg>]
<WebPrototype/wflow-55.jpeg, id=726, 1371.1225pt x 770.88pt>
File: WebPrototype/wflow-55.jpeg Graphic file (type jpg)
<use WebPrototype/wflow-55.jpeg>
Package pdftex.def Info: WebPrototype/wflow-55.jpeg  used on input line 1754.
(pdftex.def)             Requested size: 362.37569pt x 203.72939pt.
<WebPrototype/wflow-56.jpeg, id=727, 1371.1225pt x 770.88pt>
File: WebPrototype/wflow-56.jpeg Graphic file (type jpg)
<use WebPrototype/wflow-56.jpeg>
Package pdftex.def Info: WebPrototype/wflow-56.jpeg  used on input line 1760.
(pdftex.def)             Requested size: 362.37569pt x 203.72939pt.
 [70
pdfTeX warning (ext4): destination with the same identifier (name{figure.8.57})
 has been already used, duplicate ignored
<argument> ...shipout:D \box_use:N \l_shipout_box 
                                                  \__shipout_drop_firstpage_...
l.1763 
       
pdfTeX warning (ext4): destination with the same identifier (name{figure.8.58})
 has been already used, duplicate ignored
<argument> ...shipout:D \box_use:N \l_shipout_box 
                                                  \__shipout_drop_firstpage_...
l.1763 
        <./WebPrototype/wflow-54.jpeg> <./WebPrototype/wflow-55.jpeg>]
<MobilePrototype/mflow-1.jpeg, id=732, 395.4775pt x 770.88pt>
File: MobilePrototype/mflow-1.jpeg Graphic file (type jpg)
<use MobilePrototype/mflow-1.jpeg>
Package pdftex.def Info: MobilePrototype/mflow-1.jpeg  used on input line 1770.

(pdftex.def)             Requested size: 116.18813pt x 226.48395pt.
<MobilePrototype/mflow-2.jpeg, id=733, 378.41376pt x 770.88pt>
File: MobilePrototype/mflow-2.jpeg Graphic file (type jpg)
<use MobilePrototype/mflow-2.jpeg>
Package pdftex.def Info: MobilePrototype/mflow-2.jpeg  used on input line 1776.

(pdftex.def)             Requested size: 111.17493pt x 226.48395pt.
 [71
pdfTeX warning (ext4): destination with the same identifier (name{figure.8.59})
 has been already used, duplicate ignored
<argument> ...shipout:D \box_use:N \l_shipout_box 
                                                  \__shipout_drop_firstpage_...
l.1779 
       
pdfTeX warning (ext4): destination with the same identifier (name{figure.8.60})
 has been already used, duplicate ignored
<argument> ...shipout:D \box_use:N \l_shipout_box 
                                                  \__shipout_drop_firstpage_...
l.1779 
        <./WebPrototype/wflow-56.jpeg> <./MobilePrototype/mflow-1.jpeg>]
<MobilePrototype/mflow-3.jpeg, id=738, 355.3275pt x 770.88pt>
File: MobilePrototype/mflow-3.jpeg Graphic file (type jpg)
<use MobilePrototype/mflow-3.jpeg>
Package pdftex.def Info: MobilePrototype/mflow-3.jpeg  used on input line 1782.

(pdftex.def)             Requested size: 104.39236pt x 226.48395pt.
<MobilePrototype/mflow-4.jpeg, id=739, 356.33125pt x 770.88pt>
File: MobilePrototype/mflow-4.jpeg Graphic file (type jpg)
<use MobilePrototype/mflow-4.jpeg>
Package pdftex.def Info: MobilePrototype/mflow-4.jpeg  used on input line 1788.

(pdftex.def)             Requested size: 104.68726pt x 226.48395pt.

[72
pdfTeX warning (ext4): destination with the same identifier (name{figure.8.61})
 has been already used, duplicate ignored
<argument> ...shipout:D \box_use:N \l_shipout_box 
                                                  \__shipout_drop_firstpage_...
l.1791 
       
pdfTeX warning (ext4): destination with the same identifier (name{figure.8.62})
 has been already used, duplicate ignored
<argument> ...shipout:D \box_use:N \l_shipout_box 
                                                  \__shipout_drop_firstpage_...
l.1791 
        <./MobilePrototype/mflow-2.jpeg> <./MobilePrototype/mflow-3.jpeg>]
<MobilePrototype/mflow-5.jpeg, id=745, 357.335pt x 770.88pt>
File: MobilePrototype/mflow-5.jpeg Graphic file (type jpg)
<use MobilePrototype/mflow-5.jpeg>
Package pdftex.def Info: MobilePrototype/mflow-5.jpeg  used on input line 1794.

(pdftex.def)             Requested size: 104.98216pt x 226.48395pt.

[73
pdfTeX warning (ext4): destination with the same identifier (name{figure.8.63})
 has been already used, duplicate ignored
<argument> ...shipout:D \box_use:N \l_shipout_box 
                                                  \__shipout_drop_firstpage_...
l.1800 \end{document}
                     
pdfTeX warning (ext4): destination with the same identifier (name{figure.8.64})
 has been already used, duplicate ignored
<argument> ...shipout:D \box_use:N \l_shipout_box 
                                                  \__shipout_drop_firstpage_...
l.1800 \end{document}
                      <./MobilePrototype/mflow-4.jpeg> <./MobilePrototype/mflow
-5.jpeg>] (./srs.aux)
 ***********
LaTeX2e <2023-11-01> patch level 1
L3 programming layer <2024-02-20>
 ***********
Package rerunfilecheck Info: File `srs.out' has not changed.
(rerunfilecheck)             Checksum: D41D8CD98F00B204E9800998ECF8427E;0.
 ) 
Here is how much of TeX's memory you used:
 14321 strings out of 476076
 255883 string characters out of 5793775
 1947187 words of memory out of 5000000
 35972 multiletter control sequences out of 15000+600000
 629004 words of font info for 74 fonts, out of 8000000 for 9000
 14 hyphenation exceptions out of 8191
 108i,13n,107p,10925b,595s stack positions out of 10000i,1000n,20000p,200000b,200000s
</usr/share/texmf-dist/fonts/type1/public/lm/lmbx10.pfb></usr/share/texmf-dis
t/fonts/type1/public/lm/lmbx12.pfb></usr/share/texmf-dist/fonts/type1/public/lm
/lmr10.pfb></usr/share/texmf-dist/fonts/type1/public/lm/lmr12.pfb></usr/share/t
exmf-dist/fonts/type1/public/lm/lmri10.pfb></usr/share/texmf-dist/fonts/type1/p
ublic/lm/lmssbx10.pfb>
Output written on srs.pdf (74 pages, 8945942 bytes).
PDF statistics:
 963 PDF objects out of 1000 (max. 8388607)
 798 compressed objects within 8 object streams
 263 named destinations out of 1000 (max. 500000)
 651 words of extra memory for PDF output out of 10000 (max. 10000000)

