This is pdfTeX, Version 3.141592653-2.6-1.40.26 (TeX Live 2024/Arch Linux) (preloaded format=pdflatex 2025.1.10)  17 JAN 2025 23:05
entering extended mode
 restricted \write18 enabled.
 %&-line parsing enabled.
**planning-uml.tex
(./planning-uml.tex
LaTeX2e <2023-11-01> patch level 1
L3 programming layer <2024-02-20>
(/usr/share/texmf-dist/tex/latex/koma-script/scrreprt.cls
Document Class: scrreprt 2023/07/07 v3.41 KOMA-Script document class (report)
(/usr/share/texmf-dist/tex/latex/koma-script/scrkbase.sty
Package: scrkbase 2023/07/07 v3.41 KOMA-Script package (KOMA-Script-dependent b
asics and keyval usage)

(/usr/share/texmf-dist/tex/latex/koma-script/scrbase.sty
Package: scrbase 2023/07/07 v3.41 KOMA-Script package (KOMA-Script-independent 
basics and keyval usage)

(/usr/share/texmf-dist/tex/latex/koma-script/scrlfile.sty
Package: scrlfile 2023/07/07 v3.41 KOMA-Script package (file load hooks)

(/usr/share/texmf-dist/tex/latex/koma-script/scrlfile-hook.sty
Package: scrlfile-hook 2023/07/07 v3.41 KOMA-Script package (using LaTeX hooks)


(/usr/share/texmf-dist/tex/latex/koma-script/scrlogo.sty
Package: scrlogo 2023/07/07 v3.41 KOMA-Script package (logo)
)))
(/usr/share/texmf-dist/tex/latex/graphics/keyval.sty
Package: keyval 2022/05/29 v1.15 key=value parser (DPC)
\KV@toks@=\toks17
)
Applying: [2021/05/01] Usage of raw or classic option list on input line 252.
Already applied: [0000/00/00] Usage of raw or classic option list on input line
 368.
))
(/usr/share/texmf-dist/tex/latex/koma-script/tocbasic.sty
Package: tocbasic 2023/07/07 v3.41 KOMA-Script package (handling toc-files)
\scr@dte@tocline@numberwidth=\skip48
\scr@dte@tocline@numbox=\box51
)
Package tocbasic Info: omitting babel extension for `toc'
(tocbasic)             because of feature `nobabel' available
(tocbasic)             for `toc' on input line 135.
Class scrreprt Info: File `scrsize11pt.clo' used instead of
(scrreprt)           file `scrsize11.clo' to setup font sizes on input line 268
8.

(/usr/share/texmf-dist/tex/latex/koma-script/scrsize11pt.clo
File: scrsize11pt.clo 2023/07/07 v3.41 KOMA-Script font size class option (11pt
)
)
(/usr/share/texmf-dist/tex/latex/koma-script/typearea.sty
Package: typearea 2023/07/07 v3.41 KOMA-Script package (type area)
\ta@bcor=\skip49
\ta@div=\count188
\ta@hblk=\skip50
\ta@vblk=\skip51
\ta@temp=\skip52
\footheight=\skip53
Package typearea Info: These are the values describing the layout:
(typearea)             DIV  = 10
(typearea)             BCOR = 0.0pt
(typearea)             \paperwidth      = 597.50793pt
(typearea)              \textwidth      = 418.25555pt
(typearea)              DIV departure   = -6%
(typearea)              \evensidemargin = 17.3562pt
(typearea)              \oddsidemargin  = 17.3562pt
(typearea)             \paperheight     = 845.04694pt
(typearea)              \textheight     = 595.80026pt
(typearea)              \topmargin      = -25.16531pt
(typearea)              \headheight     = 17.0pt
(typearea)              \headsep        = 20.40001pt
(typearea)              \topskip        = 11.0pt
(typearea)              \footskip       = 47.6pt
(typearea)              \baselineskip   = 13.6pt
(typearea)              on input line 1799.
)
\c@part=\count189
\c@chapter=\count190
\c@section=\count191
\c@subsection=\count192
\c@subsubsection=\count193
\c@paragraph=\count194
\c@subparagraph=\count195
\scr@dte@chapter@maxnumwidth=\skip54
Class scrreprt Info: using compatibility default `afterindent=bysign'
(scrreprt)           for `\chapter on input line 5994.
\scr@dte@section@maxnumwidth=\skip55
Class scrreprt Info: using compatibility default `runin=bysign'
(scrreprt)           for `\section on input line 6005.
Class scrreprt Info: using compatibility default `afterindent=bysign'
(scrreprt)           for `\section on input line 6005.
\scr@dte@part@maxnumwidth=\skip56
Class scrreprt Info: using compatibility default `afterindent=true'
(scrreprt)           for `\part on input line 6014.
\scr@dte@subsection@maxnumwidth=\skip57
Class scrreprt Info: using compatibility default `runin=bysign'
(scrreprt)           for `\subsection on input line 6024.
Class scrreprt Info: using compatibility default `afterindent=bysign'
(scrreprt)           for `\subsection on input line 6024.
\scr@dte@subsubsection@maxnumwidth=\skip58
Class scrreprt Info: using compatibility default `runin=bysign'
(scrreprt)           for `\subsubsection on input line 6034.
Class scrreprt Info: using compatibility default `afterindent=bysign'
(scrreprt)           for `\subsubsection on input line 6034.
\scr@dte@paragraph@maxnumwidth=\skip59
Class scrreprt Info: using compatibility default `runin=bysign'
(scrreprt)           for `\paragraph on input line 6045.
Class scrreprt Info: using compatibility default `afterindent=bysign'
(scrreprt)           for `\paragraph on input line 6045.
\scr@dte@subparagraph@maxnumwidth=\skip60
Class scrreprt Info: using compatibility default `runin=bysign'
(scrreprt)           for `\subparagraph on input line 6055.
Class scrreprt Info: using compatibility default `afterindent=bysign'
(scrreprt)           for `\subparagraph on input line 6055.
\abovecaptionskip=\skip61
\belowcaptionskip=\skip62
\c@pti@nb@sid@b@x=\box52
Package tocbasic Info: omitting babel extension for `lof'
(tocbasic)             because of feature `nobabel' available
(tocbasic)             for `lof' on input line 7240.
\scr@dte@figure@maxnumwidth=\skip63
\c@figure=\count196
Package tocbasic Info: omitting babel extension for `lot'
(tocbasic)             because of feature `nobabel' available
(tocbasic)             for `lot' on input line 7257.
\scr@dte@table@maxnumwidth=\skip64
\c@table=\count197
Class scrreprt Info: Redefining `\numberline' on input line 7428.
\bibindent=\dimen140
)
(/usr/share/texmf-dist/tex/latex/base/inputenc.sty
Package: inputenc 2021/02/14 v1.3d Input encoding file
\inpenc@prehook=\toks18
\inpenc@posthook=\toks19
)
(/usr/share/texmf-dist/tex/latex/booktabs/booktabs.sty
Package: booktabs 2020/01/12 v1.61803398 Publication quality tables
\heavyrulewidth=\dimen141
\lightrulewidth=\dimen142
\cmidrulewidth=\dimen143
\belowrulesep=\dimen144
\belowbottomsep=\dimen145
\aboverulesep=\dimen146
\abovetopsep=\dimen147
\cmidrulesep=\dimen148
\cmidrulekern=\dimen149
\defaultaddspace=\dimen150
\@cmidla=\count198
\@cmidlb=\count199
\@aboverulesep=\dimen151
\@belowrulesep=\dimen152
\@thisruleclass=\count266
\@lastruleclass=\count267
\@thisrulewidth=\dimen153
)
(/usr/share/texmf-dist/tex/latex/xcolor/xcolor.sty
Package: xcolor 2023/11/15 v3.01 LaTeX color extensions (UK)

(/usr/share/texmf-dist/tex/latex/graphics-cfg/color.cfg
File: color.cfg 2016/01/02 v1.6 sample color configuration
)
Package xcolor Info: Driver file: pdftex.def on input line 274.

(/usr/share/texmf-dist/tex/latex/graphics-def/pdftex.def
File: pdftex.def 2022/09/22 v1.2b Graphics/color driver for pdftex
)
(/usr/share/texmf-dist/tex/latex/graphics/mathcolor.ltx)
Package xcolor Info: Model `cmy' substituted by `cmy0' on input line 1350.
Package xcolor Info: Model `hsb' substituted by `rgb' on input line 1354.
Package xcolor Info: Model `RGB' extended on input line 1366.
Package xcolor Info: Model `HTML' substituted by `rgb' on input line 1368.
Package xcolor Info: Model `Hsb' substituted by `hsb' on input line 1369.
Package xcolor Info: Model `tHsb' substituted by `hsb' on input line 1370.
Package xcolor Info: Model `HSB' substituted by `hsb' on input line 1371.
Package xcolor Info: Model `Gray' substituted by `gray' on input line 1372.
Package xcolor Info: Model `wave' substituted by `hsb' on input line 1373.
)
(/usr/share/texmf-dist/tex/latex/hyperref/hyperref.sty
Package: hyperref 2024-01-20 v7.01h Hypertext links for LaTeX

(/usr/share/texmf-dist/tex/generic/iftex/iftex.sty
Package: iftex 2022/02/03 v1.0f TeX engine tests
)
(/usr/share/texmf-dist/tex/latex/kvsetkeys/kvsetkeys.sty
Package: kvsetkeys 2022-10-05 v1.19 Key value parser (HO)
)
(/usr/share/texmf-dist/tex/generic/kvdefinekeys/kvdefinekeys.sty
Package: kvdefinekeys 2019-12-19 v1.6 Define keys (HO)
)
(/usr/share/texmf-dist/tex/generic/pdfescape/pdfescape.sty
Package: pdfescape 2019/12/09 v1.15 Implements pdfTeX's escape features (HO)

(/usr/share/texmf-dist/tex/generic/ltxcmds/ltxcmds.sty
Package: ltxcmds 2023-12-04 v1.26 LaTeX kernel commands for general use (HO)
)
(/usr/share/texmf-dist/tex/generic/pdftexcmds/pdftexcmds.sty
Package: pdftexcmds 2020-06-27 v0.33 Utility functions of pdfTeX for LuaTeX (HO
)

(/usr/share/texmf-dist/tex/generic/infwarerr/infwarerr.sty
Package: infwarerr 2019/12/03 v1.5 Providing info/warning/error messages (HO)
)
Package pdftexcmds Info: \pdf@primitive is available.
Package pdftexcmds Info: \pdf@ifprimitive is available.
Package pdftexcmds Info: \pdfdraftmode found.
))
(/usr/share/texmf-dist/tex/latex/hycolor/hycolor.sty
Package: hycolor 2020-01-27 v1.10 Color options for hyperref/bookmark (HO)
)
(/usr/share/texmf-dist/tex/latex/auxhook/auxhook.sty
Package: auxhook 2019-12-17 v1.6 Hooks for auxiliary files (HO)
)
(/usr/share/texmf-dist/tex/latex/hyperref/nameref.sty
Package: nameref 2023-11-26 v2.56 Cross-referencing by name of section

(/usr/share/texmf-dist/tex/latex/refcount/refcount.sty
Package: refcount 2019/12/15 v3.6 Data extraction from label references (HO)
)
(/usr/share/texmf-dist/tex/generic/gettitlestring/gettitlestring.sty
Package: gettitlestring 2019/12/15 v1.6 Cleanup title references (HO)

(/usr/share/texmf-dist/tex/latex/kvoptions/kvoptions.sty
Package: kvoptions 2022-06-15 v3.15 Key value format for package options (HO)
))
\c@section@level=\count268
)
(/usr/share/texmf-dist/tex/latex/etoolbox/etoolbox.sty
Package: etoolbox 2020/10/05 v2.5k e-TeX tools for LaTeX (JAW)
\etb@tempcnta=\count269
)
\@linkdim=\dimen154
\Hy@linkcounter=\count270
\Hy@pagecounter=\count271

(/usr/share/texmf-dist/tex/latex/hyperref/pd1enc.def
File: pd1enc.def 2024-01-20 v7.01h Hyperref: PDFDocEncoding definition (HO)
Now handling font encoding PD1 ...
... no UTF-8 mapping file for font encoding PD1
)
(/usr/share/texmf-dist/tex/generic/intcalc/intcalc.sty
Package: intcalc 2019/12/15 v1.3 Expandable calculations with integers (HO)
)
\Hy@SavedSpaceFactor=\count272

(/usr/share/texmf-dist/tex/latex/hyperref/puenc.def
File: puenc.def 2024-01-20 v7.01h Hyperref: PDF Unicode definition (HO)
Now handling font encoding PU ...
... no UTF-8 mapping file for font encoding PU
)
Package hyperref Info: Hyper figures OFF on input line 4179.
Package hyperref Info: Link nesting OFF on input line 4184.
Package hyperref Info: Hyper index ON on input line 4187.
Package hyperref Info: Plain pages OFF on input line 4194.
Package hyperref Info: Backreferencing OFF on input line 4199.
Package hyperref Info: Implicit mode ON; LaTeX internals redefined.
Package hyperref Info: Bookmarks ON on input line 4446.
\c@Hy@tempcnt=\count273

(/usr/share/texmf-dist/tex/latex/url/url.sty
\Urlmuskip=\muskip16
Package: url 2013/09/16  ver 3.4  Verb mode for urls, etc.
)
LaTeX Info: Redefining \url on input line 4784.
\XeTeXLinkMargin=\dimen155

(/usr/share/texmf-dist/tex/generic/bitset/bitset.sty
Package: bitset 2019/12/09 v1.3 Handle bit-vector datatype (HO)

(/usr/share/texmf-dist/tex/generic/bigintcalc/bigintcalc.sty
Package: bigintcalc 2019/12/15 v1.5 Expandable calculations on big integers (HO
)
))
\Fld@menulength=\count274
\Field@Width=\dimen156
\Fld@charsize=\dimen157
Package hyperref Info: Hyper figures OFF on input line 6063.
Package hyperref Info: Link nesting OFF on input line 6068.
Package hyperref Info: Hyper index ON on input line 6071.
Package hyperref Info: backreferencing OFF on input line 6078.
Package hyperref Info: Link coloring OFF on input line 6083.
Package hyperref Info: Link coloring with OCG OFF on input line 6088.
Package hyperref Info: PDF/A mode OFF on input line 6093.

(/usr/share/texmf-dist/tex/latex/base/atbegshi-ltx.sty
Package: atbegshi-ltx 2021/01/10 v1.0c Emulation of the original atbegshi
package with kernel methods
)
\Hy@abspage=\count275
\c@Item=\count276
\c@Hfootnote=\count277
)
Package hyperref Info: Driver (autodetected): hpdftex.

(/usr/share/texmf-dist/tex/latex/hyperref/hpdftex.def
File: hpdftex.def 2024-01-20 v7.01h Hyperref driver for pdfTeX

(/usr/share/texmf-dist/tex/latex/base/atveryend-ltx.sty
Package: atveryend-ltx 2020/08/19 v1.0a Emulation of the original atveryend pac
kage
with kernel methods
)
\Fld@listcount=\count278
\c@bookmark@seq@number=\count279

(/usr/share/texmf-dist/tex/latex/rerunfilecheck/rerunfilecheck.sty
Package: rerunfilecheck 2022-07-10 v1.10 Rerun checks for auxiliary files (HO)

(/usr/share/texmf-dist/tex/generic/uniquecounter/uniquecounter.sty
Package: uniquecounter 2019/12/15 v1.4 Provide unlimited unique counter (HO)
)
Package uniquecounter Info: New unique counter `rerunfilecheck' on input line 2
85.
)
\Hy@SectionHShift=\skip65
)
(/usr/share/texmf-dist/tex/latex/lm/lmodern.sty
Package: lmodern 2015/05/01 v1.6.1 Latin Modern Fonts
LaTeX Font Info:    Overwriting symbol font `operators' in version `normal'
(Font)                  OT1/cmr/m/n --> OT1/lmr/m/n on input line 22.
LaTeX Font Info:    Overwriting symbol font `letters' in version `normal'
(Font)                  OML/cmm/m/it --> OML/lmm/m/it on input line 23.
LaTeX Font Info:    Overwriting symbol font `symbols' in version `normal'
(Font)                  OMS/cmsy/m/n --> OMS/lmsy/m/n on input line 24.
LaTeX Font Info:    Overwriting symbol font `largesymbols' in version `normal'
(Font)                  OMX/cmex/m/n --> OMX/lmex/m/n on input line 25.
LaTeX Font Info:    Overwriting symbol font `operators' in version `bold'
(Font)                  OT1/cmr/bx/n --> OT1/lmr/bx/n on input line 26.
LaTeX Font Info:    Overwriting symbol font `letters' in version `bold'
(Font)                  OML/cmm/b/it --> OML/lmm/b/it on input line 27.
LaTeX Font Info:    Overwriting symbol font `symbols' in version `bold'
(Font)                  OMS/cmsy/b/n --> OMS/lmsy/b/n on input line 28.
LaTeX Font Info:    Overwriting symbol font `largesymbols' in version `bold'
(Font)                  OMX/cmex/m/n --> OMX/lmex/m/n on input line 29.
LaTeX Font Info:    Overwriting math alphabet `\mathbf' in version `normal'
(Font)                  OT1/cmr/bx/n --> OT1/lmr/bx/n on input line 31.
LaTeX Font Info:    Overwriting math alphabet `\mathsf' in version `normal'
(Font)                  OT1/cmss/m/n --> OT1/lmss/m/n on input line 32.
LaTeX Font Info:    Overwriting math alphabet `\mathit' in version `normal'
(Font)                  OT1/cmr/m/it --> OT1/lmr/m/it on input line 33.
LaTeX Font Info:    Overwriting math alphabet `\mathtt' in version `normal'
(Font)                  OT1/cmtt/m/n --> OT1/lmtt/m/n on input line 34.
LaTeX Font Info:    Overwriting math alphabet `\mathbf' in version `bold'
(Font)                  OT1/cmr/bx/n --> OT1/lmr/bx/n on input line 35.
LaTeX Font Info:    Overwriting math alphabet `\mathsf' in version `bold'
(Font)                  OT1/cmss/bx/n --> OT1/lmss/bx/n on input line 36.
LaTeX Font Info:    Overwriting math alphabet `\mathit' in version `bold'
(Font)                  OT1/cmr/bx/it --> OT1/lmr/bx/it on input line 37.
LaTeX Font Info:    Overwriting math alphabet `\mathtt' in version `bold'
(Font)                  OT1/cmtt/m/n --> OT1/lmtt/m/n on input line 38.
)
(/usr/share/texmf-dist/tex/latex/base/fontenc.sty
Package: fontenc 2021/04/29 v2.0v Standard LaTeX package
LaTeX Font Info:    Trying to load font information for T1+lmr on input line 11
2.

(/usr/share/texmf-dist/tex/latex/lm/t1lmr.fd
File: t1lmr.fd 2015/05/01 v1.6.1 Font defs for Latin Modern
))
(/usr/share/texmf-dist/tex/latex/base/textcomp.sty
Package: textcomp 2020/02/02 v2.0n Standard LaTeX package
)
(/usr/share/texmf-dist/tex/latex/geometry/geometry.sty
Package: geometry 2020/01/02 v5.9 Page Geometry

(/usr/share/texmf-dist/tex/generic/iftex/ifvtex.sty
Package: ifvtex 2019/10/25 v1.7 ifvtex legacy package. Use iftex instead.
)
\Gm@cnth=\count280
\Gm@cntv=\count281
\c@Gm@tempcnt=\count282
\Gm@bindingoffset=\dimen158
\Gm@wd@mp=\dimen159
\Gm@odd@mp=\dimen160
\Gm@even@mp=\dimen161
\Gm@layoutwidth=\dimen162
\Gm@layoutheight=\dimen163
\Gm@layouthoffset=\dimen164
\Gm@layoutvoffset=\dimen165
\Gm@dimlist=\toks20
)
(/usr/share/texmf-dist/tex/latex/float/float.sty
Package: float 2001/11/08 v1.3d Float enhancements (AL)
\c@float@type=\count283
\float@exts=\toks21
\float@box=\box53
\@float@everytoks=\toks22
\@floatcapt=\box54
)
(/usr/share/texmf-dist/tex/latex/tools/array.sty
Package: array 2023/10/16 v2.5g Tabular extension package (FMi)
\col@sep=\dimen166
\ar@mcellbox=\box55
\extrarowheight=\dimen167
\NC@list=\toks23
\extratabsurround=\skip66
\backup@length=\skip67
\ar@cellbox=\box56
)
(/usr/share/texmf-dist/tex/latex/placeins/placeins.sty
Package: placeins 2005/04/18  v 2.2
)
(/usr/share/texmf-dist/tex/latex/graphics/graphicx.sty
Package: graphicx 2021/09/16 v1.2d Enhanced LaTeX Graphics (DPC,SPQR)

(/usr/share/texmf-dist/tex/latex/graphics/graphics.sty
Package: graphics 2022/03/10 v1.4e Standard LaTeX Graphics (DPC,SPQR)

(/usr/share/texmf-dist/tex/latex/graphics/trig.sty
Package: trig 2021/08/11 v1.11 sin cos tan (DPC)
)
(/usr/share/texmf-dist/tex/latex/graphics-cfg/graphics.cfg
File: graphics.cfg 2016/06/04 v1.11 sample graphics configuration
)
Package graphics Info: Driver file: pdftex.def on input line 107.
)
\Gin@req@height=\dimen168
\Gin@req@width=\dimen169
)
(/usr/share/texmf-dist/tex/latex/tools/tabularx.sty
Package: tabularx 2023/07/08 v2.11c `tabularx' package (DPC)
\TX@col@width=\dimen170
\TX@old@table=\dimen171
\TX@old@col=\dimen172
\TX@target=\dimen173
\TX@delta=\dimen174
\TX@cols=\count284
\TX@ftn=\toks24
)
(/usr/share/texmf-dist/tex/latex/tools/longtable.sty
Package: longtable 2023-11-01 v4.19 Multi-page Table package (DPC)
\LTleft=\skip68
\LTright=\skip69
\LTpre=\skip70
\LTpost=\skip71
\LTchunksize=\count285
\LTcapwidth=\dimen175
\LT@head=\box57
\LT@firsthead=\box58
\LT@foot=\box59
\LT@lastfoot=\box60
\LT@gbox=\box61
\LT@cols=\count286
\LT@rows=\count287
\c@LT@tables=\count288
\c@LT@chunks=\count289
\LT@p@ftn=\toks25
)
Class scrreprt Info: longtable captions redefined on input line 17.

(/usr/share/texmf-dist/tex/latex/ragged2e/ragged2e.sty
Package: ragged2e 2023/06/22 v3.6 ragged2e Package
\CenteringLeftskip=\skip72
\RaggedLeftLeftskip=\skip73
\RaggedRightLeftskip=\skip74
\CenteringRightskip=\skip75
\RaggedLeftRightskip=\skip76
\RaggedRightRightskip=\skip77
\CenteringParfillskip=\skip78
\RaggedLeftParfillskip=\skip79
\RaggedRightParfillskip=\skip80
\JustifyingParfillskip=\skip81
\CenteringParindent=\skip82
\RaggedLeftParindent=\skip83
\RaggedRightParindent=\skip84
\JustifyingParindent=\skip85
)
(/usr/share/texmf-dist/tex/latex/multirow/multirow.sty
Package: multirow 2021/03/15 v2.8 Span multiple rows of a table
\multirow@colwidth=\skip86
\multirow@cntb=\count290
\multirow@dima=\skip87
\bigstrutjot=\dimen176
)
(/usr/share/texmf-dist/tex/latex/pgf/utilities/pgffor.sty
(/usr/share/texmf-dist/tex/latex/pgf/utilities/pgfrcs.sty
(/usr/share/texmf-dist/tex/generic/pgf/utilities/pgfutil-common.tex
\pgfutil@everybye=\toks26
\pgfutil@tempdima=\dimen177
\pgfutil@tempdimb=\dimen178
)
(/usr/share/texmf-dist/tex/generic/pgf/utilities/pgfutil-latex.def
\pgfutil@abb=\box62
)
(/usr/share/texmf-dist/tex/generic/pgf/utilities/pgfrcs.code.tex
(/usr/share/texmf-dist/tex/generic/pgf/pgf.revision.tex)
Package: pgfrcs 2023-01-15 v3.1.10 (3.1.10)
))
(/usr/share/texmf-dist/tex/latex/pgf/utilities/pgfkeys.sty
(/usr/share/texmf-dist/tex/generic/pgf/utilities/pgfkeys.code.tex
\pgfkeys@pathtoks=\toks27
\pgfkeys@temptoks=\toks28

(/usr/share/texmf-dist/tex/generic/pgf/utilities/pgfkeyslibraryfiltered.code.te
x
\pgfkeys@tmptoks=\toks29
))) (/usr/share/texmf-dist/tex/latex/pgf/math/pgfmath.sty
(/usr/share/texmf-dist/tex/generic/pgf/math/pgfmath.code.tex
(/usr/share/texmf-dist/tex/generic/pgf/math/pgfmathutil.code.tex
\pgf@x=\dimen179
\pgf@xa=\dimen180
\pgf@xb=\dimen181
\pgf@xc=\dimen182
\pgf@y=\dimen183
\pgf@ya=\dimen184
\pgf@yb=\dimen185
\pgf@yc=\dimen186
\c@pgf@counta=\count291
\c@pgf@countb=\count292
\c@pgf@countc=\count293
\c@pgf@countd=\count294
)
(/usr/share/texmf-dist/tex/generic/pgf/math/pgfmathparser.code.tex
\pgfmath@dimen=\dimen187
\pgfmath@count=\count295
\pgfmath@box=\box63
\pgfmath@toks=\toks30
\pgfmath@stack@operand=\toks31
\pgfmath@stack@operation=\toks32
)
(/usr/share/texmf-dist/tex/generic/pgf/math/pgfmathfunctions.code.tex)
(/usr/share/texmf-dist/tex/generic/pgf/math/pgfmathfunctions.basic.code.tex)
(/usr/share/texmf-dist/tex/generic/pgf/math/pgfmathfunctions.trigonometric.code
.tex)
(/usr/share/texmf-dist/tex/generic/pgf/math/pgfmathfunctions.random.code.tex)
(/usr/share/texmf-dist/tex/generic/pgf/math/pgfmathfunctions.comparison.code.te
x) (/usr/share/texmf-dist/tex/generic/pgf/math/pgfmathfunctions.base.code.tex)
(/usr/share/texmf-dist/tex/generic/pgf/math/pgfmathfunctions.round.code.tex)
(/usr/share/texmf-dist/tex/generic/pgf/math/pgfmathfunctions.misc.code.tex)
(/usr/share/texmf-dist/tex/generic/pgf/math/pgfmathfunctions.integerarithmetics
.code.tex) (/usr/share/texmf-dist/tex/generic/pgf/math/pgfmathcalc.code.tex)
(/usr/share/texmf-dist/tex/generic/pgf/math/pgfmathfloat.code.tex
\c@pgfmathroundto@lastzeros=\count296
)))
(/usr/share/texmf-dist/tex/generic/pgf/utilities/pgffor.code.tex
Package: pgffor 2023-01-15 v3.1.10 (3.1.10)
\pgffor@iter=\dimen188
\pgffor@skip=\dimen189
\pgffor@stack=\toks33
\pgffor@toks=\toks34
))
\c@sprint=\count297
Package hyperref Info: Option `colorlinks' set `true' on input line 40.

(/usr/share/texmf-dist/tex/latex/l3backend/l3backend-pdftex.def
File: l3backend-pdftex.def 2024-02-20 L3 backend support: PDF output (pdfTeX)
\l__color_backend_stack_int=\count298
\l__pdf_internal_box=\box64
)
(./planning-uml.aux)
\openout1 = `planning-uml.aux'.

LaTeX Font Info:    Checking defaults for OML/cmm/m/it on input line 44.
LaTeX Font Info:    ... okay on input line 44.
LaTeX Font Info:    Checking defaults for OMS/cmsy/m/n on input line 44.
LaTeX Font Info:    ... okay on input line 44.
LaTeX Font Info:    Checking defaults for OT1/cmr/m/n on input line 44.
LaTeX Font Info:    ... okay on input line 44.
LaTeX Font Info:    Checking defaults for T1/cmr/m/n on input line 44.
LaTeX Font Info:    ... okay on input line 44.
LaTeX Font Info:    Checking defaults for TS1/cmr/m/n on input line 44.
LaTeX Font Info:    ... okay on input line 44.
LaTeX Font Info:    Checking defaults for OMX/cmex/m/n on input line 44.
LaTeX Font Info:    ... okay on input line 44.
LaTeX Font Info:    Checking defaults for U/cmr/m/n on input line 44.
LaTeX Font Info:    ... okay on input line 44.
LaTeX Font Info:    Checking defaults for PD1/pdf/m/n on input line 44.
LaTeX Font Info:    ... okay on input line 44.
LaTeX Font Info:    Checking defaults for PU/pdf/m/n on input line 44.
LaTeX Font Info:    ... okay on input line 44.
Package scrbase Info: activating english \abstractname on input line 44.
Package scrbase Info: activating english \partname on input line 44.
Package scrbase Info: activating english \chaptername on input line 44.
Package scrbase Info: activating english \appendixname on input line 44.
Package scrbase Info: activating english \figurename on input line 44.
Package scrbase Info: activating english \tablename on input line 44.
Package scrbase Info: activating english \contentsname on input line 44.
Package scrbase Info: activating english \listfigurename on input line 44.
Package scrbase Info: activating english \listtablename on input line 44.
Package scrbase Info: activating english \bibname on input line 44.
Package scrbase Info: activating english \indexname on input line 44.
 (/usr/share/texmf-dist/tex/context/base/mkii/supp-pdf.mkii
[Loading MPS to PDF converter (version 2006.09.02).]
\scratchcounter=\count299
\scratchdimen=\dimen190
\scratchbox=\box65
\nofMPsegments=\count300
\nofMParguments=\count301
\everyMPshowfont=\toks35
\MPscratchCnt=\count302
\MPscratchDim=\dimen191
\MPnumerator=\count303
\makeMPintoPDFobject=\count304
\everyMPtoPDFconversion=\toks36
) (/usr/share/texmf-dist/tex/latex/epstopdf-pkg/epstopdf-base.sty
Package: epstopdf-base 2020-01-24 v2.11 Base part for package epstopdf
Package epstopdf-base Info: Redefining graphics rule for `.eps' on input line 4
85.

(/usr/share/texmf-dist/tex/latex/latexconfig/epstopdf-sys.cfg
File: epstopdf-sys.cfg 2010/07/13 v1.3 Configuration of (r)epstopdf for TeX Liv
e
))
Package hyperref Info: Link coloring ON on input line 44.

(./planning-uml.out) (./planning-uml.out)
\@outlinefile=\write3
\openout3 = `planning-uml.out'.

Class scrreprt Info: loading recommended package `bookmark'.
(scrreprt)           Using `bookmark' together with `hyperref' is recommended,
(scrreprt)           because of handling of possible bookmark level gaps.
(scrreprt)           You can avoid loading `bookmark' with KOMA-Script option
(scrreprt)           `bookmarkpackage=false' before \begin{document} and
(scrreprt)           you can avoid this message adding:
(scrreprt)             \usepackage{bookmark}
(scrreprt)           before \begin{document} on input line 44.

(/usr/share/texmf-dist/tex/latex/bookmark/bookmark.sty
Package: bookmark 2023-12-10 v1.31 PDF bookmarks (HO)

(/usr/share/texmf-dist/tex/latex/bookmark/bkm-pdftex.def
File: bkm-pdftex.def 2023-12-10 v1.31 bookmark driver for pdfTeX and luaTeX (HO
)
\BKM@id=\count305
))
*geometry* driver: auto-detecting
*geometry* detected driver: pdftex
*geometry* verbose mode - [ preamble ] result:
* driver: pdftex
* paper: a4paper
* layout: <same size as paper>
* layoutoffset:(h,v)=(0.0pt,0.0pt)
* modes: 
* h-part:(L,W,R)=(72.26999pt, 452.9679pt, 72.26999pt)
* v-part:(T,H,B)=(72.26999pt, 700.50687pt, 72.26999pt)
* \paperwidth=597.50787pt
* \paperheight=845.04684pt
* \textwidth=452.9679pt
* \textheight=700.50687pt
* \oddsidemargin=0.0pt
* \evensidemargin=0.0pt
* \topmargin=-37.40001pt
* \headheight=17.0pt
* \headsep=20.40001pt
* \topskip=11.0pt
* \footskip=47.6pt
* \marginparwidth=59.7508pt
* \marginparsep=12.8401pt
* \columnsep=10.0pt
* \skip\footins=10.0pt plus 4.0pt minus 2.0pt
* \hoffset=0.0pt
* \voffset=0.0pt
* \mag=1000
* \@twocolumnfalse
* \@twosidefalse
* \@mparswitchfalse
* \@reversemarginfalse
* (1in=72.27pt=25.4mm, 1cm=28.453pt)


Overfull \hbox (2.27618pt too wide) in paragraph at lines 48--48
 []
 []

[1



{/var/lib/texmf/fonts/map/pdftex/updmap/pdftex.map}{/usr/share/texmf-dist/fonts
/enc/dvips/lm/lm-ec.enc}]
LaTeX Font Info:    Trying to load font information for T1+lmss on input line 6
6.
 (/usr/share/texmf-dist/tex/latex/lm/t1lmss.fd
File: t1lmss.fd 2015/05/01 v1.6.1 Font defs for Latin Modern
)
LaTeX Font Info:    Trying to load font information for OT1+lmr on input line 6
9.

(/usr/share/texmf-dist/tex/latex/lm/ot1lmr.fd
File: ot1lmr.fd 2015/05/01 v1.6.1 Font defs for Latin Modern
)
LaTeX Font Info:    Trying to load font information for OML+lmm on input line 6
9.

(/usr/share/texmf-dist/tex/latex/lm/omllmm.fd
File: omllmm.fd 2015/05/01 v1.6.1 Font defs for Latin Modern
)
LaTeX Font Info:    Trying to load font information for OMS+lmsy on input line 
69.

(/usr/share/texmf-dist/tex/latex/lm/omslmsy.fd
File: omslmsy.fd 2015/05/01 v1.6.1 Font defs for Latin Modern
)
LaTeX Font Info:    Trying to load font information for OMX+lmex on input line 
69.

(/usr/share/texmf-dist/tex/latex/lm/omxlmex.fd
File: omxlmex.fd 2015/05/01 v1.6.1 Font defs for Latin Modern
)
LaTeX Font Info:    External font `lmex10' loaded for size
(Font)              <10.95> on input line 69.
LaTeX Font Info:    External font `lmex10' loaded for size
(Font)              <8> on input line 69.
LaTeX Font Info:    External font `lmex10' loaded for size
(Font)              <6> on input line 69.

pdfTeX warning (ext4): destination with the same identifier (name{page.1}) has 
been already used, duplicate ignored
<to be read again> 
                   \relax 
l.78 \tableofcontents
                      [1

] (./planning-uml.toc)
\tf@toc=\write4
\openout4 = `planning-uml.toc'.

 [2

] (./planning-uml.lof [3

])
\tf@lof=\write5
\openout5 = `planning-uml.lof'.


[4] (./planning-uml.lot)
\tf@lot=\write6
\openout6 = `planning-uml.lot'.

 [5

]
chapter 1.

Class scrreprt Warning: \float@addtolists detected!
(scrreprt)              Implementation of \float@addtolist became
(scrreprt)              deprecated in KOMA-Script v3.01 2008/11/14 and
(scrreprt)              has been replaced by several more flexible
(scrreprt)              features of package `tocbasic`.
(scrreprt)              Since Version 3.12 support for deprecated
(scrreprt)              \float@addtolist interface has been
(scrreprt)              restricted to only some of the KOMA-Script
(scrreprt)              features and been removed from others.
(scrreprt)              Loading of package `scrhack' may help to
(scrreprt)              avoid this warning, if you are using a
(scrreprt)              a package that still implements the
(scrreprt)              deprecated \float@addtolist interface.

[6

]
chapter 2.
LaTeX Font Info:    External font `lmex10' loaded for size
(Font)              <10> on input line 109.
LaTeX Font Info:    External font `lmex10' loaded for size
(Font)              <7> on input line 109.
LaTeX Font Info:    External font `lmex10' loaded for size
(Font)              <5> on input line 109.

Underfull \hbox (badness 5245) in paragraph at lines 147--147
[]|\T1/lmr/m/n/10 High Prob-a-bil-
 []


Underfull \hbox (badness 10000) in paragraph at lines 147--147
[]|\T1/lmr/m/n/10 Establish a com-mu-ni-ca-tion
 []


Underfull \hbox (badness 5245) in paragraph at lines 149--149
[]|\T1/lmr/m/n/10 High Prob-a-bil-
 []


Underfull \hbox (badness 3690) in paragraph at lines 149--149
\T1/lmr/m/n/10 the re-quired frame-works to
 []


Underfull \hbox (badness 2698) in paragraph at lines 149--149
\T1/lmr/m/n/10 min-i-mize de-lays and en-sure
 []


Underfull \hbox (badness 10000) in paragraph at lines 150--150
[]|\T1/lmr/m/n/10 Difficulty un-der-stand-ing
 []


Underfull \hbox (badness 10000) in paragraph at lines 150--150
\T1/lmr/m/n/10 prior im-ple-men-ta-tion,
 []


Underfull \hbox (badness 2913) in paragraph at lines 151--151
[]|\T1/lmr/m/n/10 Mitigate the risk by re-dis-
 []


Underfull \hbox (badness 1308) in paragraph at lines 152--152
[]|\T1/lmr/m/n/10 Accept the risk, in-form the
 []


Underfull \hbox (badness 1990) in paragraph at lines 152--152
\T1/lmr/m/n/10 so-lu-tions to im-prove per-for-
 []


Underfull \hbox (badness 10000) in paragraph at lines 153--153
[]|\T1/lmr/m/n/10 Moderate Im-
 []


Underfull \hbox (badness 10000) in paragraph at lines 154--154
[]|\T1/lmr/m/n/10 Insufficient doc-u-men-ta-
 []


Underfull \hbox (badness 5245) in paragraph at lines 154--154
[]|\T1/lmr/m/n/10 High Prob-a-bil-
 []


Overfull \hbox (21.997pt too wide) in paragraph at lines 144--156
 [][] 
 []


LaTeX Warning: `!h' float specifier changed to `!ht'.

[7


pdfTeX warning (ext4): destination with the same identifier (name{table.2.1}) h
as been already used, duplicate ignored
<argument> ...shipout:D \box_use:N \l_shipout_box 
                                                  \__shipout_drop_firstpage_...
l.157 \end{table} \FloatBarrier
                               
pdfTeX warning (ext4): destination with the same identifier (name{table.2.2}) h
as been already used, duplicate ignored
<argument> ...shipout:D \box_use:N \l_shipout_box 
                                                  \__shipout_drop_firstpage_...
l.157 \end{table} \FloatBarrier
                               ]
Overfull \hbox (0.79492pt too wide) in paragraph at lines 162--162
[]|\T1/lmr/bx/n/10.95 Priority| 
 []


Overfull \hbox (4.00684pt too wide) in paragraph at lines 162--162
[]|\T1/lmr/bx/n/10.95 Dependencies| 
 []


Overfull \hbox (3.03088pt too wide) in paragraph at lines 162--162
[]|\T1/lmr/bx/n/10.95 Estimation
 []


Overfull \hbox (30.5329pt too wide) in alignment at lines 161--163
 [] [] [] [] [] 
 []


Overfull \hbox (0.79492pt too wide) in paragraph at lines 165--165
[]|\T1/lmr/bx/n/10.95 Priority| 
 []


Overfull \hbox (4.00684pt too wide) in paragraph at lines 165--165
[]|\T1/lmr/bx/n/10.95 Dependencies| 
 []


Overfull \hbox (3.03088pt too wide) in paragraph at lines 165--165
[]|\T1/lmr/bx/n/10.95 Estimation
 []


Overfull \hbox (30.5329pt too wide) in alignment at lines 163--166
 [] [] [] [] [] 
 []


Overfull \hbox (3.39558pt too wide) in paragraph at lines 179--179
[]|\T1/lmr/m/n/10.95 PB10| 
 []


Overfull \hbox (3.39558pt too wide) in paragraph at lines 180--180
[]|\T1/lmr/m/n/10.95 PB11| 
 []


Overfull \hbox (3.39558pt too wide) in paragraph at lines 181--181
[]|\T1/lmr/m/n/10.95 PB12| 
 []


Overfull \hbox (3.39558pt too wide) in paragraph at lines 184--184
[]|\T1/lmr/m/n/10.95 PB13| 
 []


Overfull \hbox (3.39558pt too wide) in paragraph at lines 185--185
[]|\T1/lmr/m/n/10.95 PB14| 
 []


Overfull \hbox (3.39558pt too wide) in paragraph at lines 186--186
[]|\T1/lmr/m/n/10.95 PB15| 
 []


Overfull \hbox (3.39558pt too wide) in paragraph at lines 187--187
[]|\T1/lmr/m/n/10.95 PB16| 
 []


Overfull \hbox (3.39558pt too wide) in paragraph at lines 188--188
[]|\T1/lmr/m/n/10.95 PB17| 
 []


Overfull \hbox (3.39558pt too wide) in paragraph at lines 189--189
[]|\T1/lmr/m/n/10.95 PB18| 
 []


Overfull \hbox (3.39558pt too wide) in paragraph at lines 190--190
[]|\T1/lmr/m/n/10.95 PB19| 
 []


Overfull \hbox (3.39558pt too wide) in paragraph at lines 191--191
[]|\T1/lmr/m/n/10.95 PB20| 
 []


Overfull \hbox (3.39558pt too wide) in paragraph at lines 192--192
[]|\T1/lmr/m/n/10.95 PB21| 
 []


Overfull \hbox (3.39558pt too wide) in paragraph at lines 193--193
[]|\T1/lmr/m/n/10.95 PB22| 
 []


Overfull \hbox (3.39558pt too wide) in paragraph at lines 196--196
[]|\T1/lmr/m/n/10.95 PB23| 
 []


Overfull \hbox (3.39558pt too wide) in paragraph at lines 197--197
[]|\T1/lmr/m/n/10.95 PB24| 
 []


Overfull \hbox (3.39558pt too wide) in paragraph at lines 198--198
[]|\T1/lmr/m/n/10.95 PB25| 
 []


Overfull \hbox (3.39558pt too wide) in paragraph at lines 199--199
[]|\T1/lmr/m/n/10.95 PB26| 
 []


Overfull \hbox (3.39558pt too wide) in paragraph at lines 200--200
[]|\T1/lmr/m/n/10.95 PB27| 
 []


Overfull \hbox (3.39558pt too wide) in paragraph at lines 201--201
[]|\T1/lmr/m/n/10.95 PB28| 
 []


Overfull \hbox (3.39558pt too wide) in paragraph at lines 205--205
[]|\T1/lmr/m/n/10.95 PB29| 
 []


Overfull \hbox (3.39558pt too wide) in paragraph at lines 206--206
[]|\T1/lmr/m/n/10.95 PB30| 
 []


Overfull \hbox (3.39558pt too wide) in paragraph at lines 209--209
[]|\T1/lmr/m/n/10.95 PB31| 
 []


Overfull \hbox (3.39558pt too wide) in paragraph at lines 210--210
[]|\T1/lmr/m/n/10.95 PB32| 
 []


Overfull \hbox (3.39558pt too wide) in paragraph at lines 211--211
[]|\T1/lmr/m/n/10.95 PB33| 
 []


Overfull \hbox (3.39558pt too wide) in paragraph at lines 212--212
[]|\T1/lmr/m/n/10.95 PB34| 
 []


Overfull \hbox (3.39558pt too wide) in paragraph at lines 213--213
[]|\T1/lmr/m/n/10.95 PB35| 
 []


Underfull \hbox (badness 6300) in paragraph at lines 213--213
[]|\T1/lmr/m/n/10.95 PB32, PB33,
 []


Overfull \hbox (3.39558pt too wide) in paragraph at lines 216--216
[]|\T1/lmr/m/n/10.95 PB36| 
 []


Overfull \hbox (3.39558pt too wide) in paragraph at lines 217--217
[]|\T1/lmr/m/n/10.95 PB37| 
 []


Overfull \hbox (3.39558pt too wide) in paragraph at lines 218--218
[]|\T1/lmr/m/n/10.95 PB38| 
 []


Overfull \hbox (3.39558pt too wide) in paragraph at lines 219--219
[]|\T1/lmr/m/n/10.95 PB39| 
 []


Overfull \hbox (3.39558pt too wide) in paragraph at lines 222--222
[]|\T1/lmr/m/n/10.95 PB40| 
 []


Underfull \hbox (badness 6300) in paragraph at lines 222--222
[]|\T1/lmr/m/n/10.95 PB32, PB33,
 []


Overfull \hbox (3.39558pt too wide) in paragraph at lines 223--223
[]|\T1/lmr/m/n/10.95 PB41| 
 []


Overfull \hbox (3.39558pt too wide) in paragraph at lines 224--224
[]|\T1/lmr/m/n/10.95 PB42| 
 []


Overfull \hbox (3.39558pt too wide) in paragraph at lines 227--227
[]|\T1/lmr/m/n/10.95 PB43| 
 []


Overfull \hbox (3.39558pt too wide) in paragraph at lines 228--228
[]|\T1/lmr/m/n/10.95 PB44| 
 []


Overfull \hbox (3.39558pt too wide) in paragraph at lines 229--229
[]|\T1/lmr/m/n/10.95 PB45| 
 []


Overfull \hbox (3.39558pt too wide) in paragraph at lines 232--232
[]|\T1/lmr/m/n/10.95 PB46| 
 []


Overfull \hbox (30.5329pt too wide) in alignment at lines 166--234
 [] [] [] [] [] 
 []

[8
pdfTeX warning (ext4): destination with the same identifier (name{table.2.3}) h
as been already used, duplicate ignored
<argument> ...shipout:D \box_use:N \l_shipout_box 
                                                  \__shipout_drop_firstpage_...
l.234 \end{longtable}
                     ] [9] [10] [11] [12]
Overfull \hbox (2.24583pt too wide) in paragraph at lines 240--240
[]|\T1/lmr/bx/n/10.95 Product
 []


Underfull \hbox (badness 10000) in paragraph at lines 240--240
\T1/lmr/bx/n/10.95 Back-
 []


Underfull \hbox (badness 10000) in paragraph at lines 240--240
\T1/lmr/bx/n/10.95 log
 []


Overfull \hbox (9.597pt too wide) in alignment at lines 239--241
 [] [] [] [] 
 []


Overfull \hbox (2.24583pt too wide) in paragraph at lines 243--243
[]|\T1/lmr/bx/n/10.95 Product
 []


Underfull \hbox (badness 10000) in paragraph at lines 243--243
\T1/lmr/bx/n/10.95 Back-
 []


Underfull \hbox (badness 10000) in paragraph at lines 243--243
\T1/lmr/bx/n/10.95 log
 []


Overfull \hbox (9.597pt too wide) in alignment at lines 241--244
 [] [] [] [] 
 []


Underfull \hbox (badness 10000) in paragraph at lines 248--250
[]|\T1/lmr/m/n/10.95 -Research ar-chi-tec-ture,
 []


Underfull \hbox (badness 1178) in paragraph at lines 248--250
\T1/lmr/m/n/10.95 mod-ules, and func-tion-al-
 []


Underfull \hbox (badness 2318) in paragraph at lines 248--250
\T1/lmr/m/n/10.95 -Feasibility eval-u-a-tion of
 []


Underfull \hbox (badness 4792) in paragraph at lines 251--253
\T1/lmr/m/n/10.95 - Alex Vizuete,
 []


Underfull \hbox (badness 10000) in paragraph at lines 255--255
[]|\T1/lmr/m/n/10.95 Definition of the database
 []


Underfull \hbox (badness 10000) in paragraph at lines 256--258
[]|\T1/lmr/m/n/10.95 -Design the database
 []


Underfull \hbox (badness 1803) in paragraph at lines 256--258
\T1/lmr/m/n/10.95 schema (ta-bles, re-la-tion-
 []


Underfull \hbox (badness 10000) in paragraph at lines 256--258
\T1/lmr/m/n/10.95 -Generate Entity-
 []


Underfull \hbox (badness 10000) in paragraph at lines 256--258
\T1/lmr/m/n/10.95 Relationship di-a-gram
 []


Underfull \hbox (badness 6927) in paragraph at lines 259--261
[]|\T1/lmr/m/n/10.95 - Diego Flo-res,
 []


Underfull \hbox (badness 1024) in paragraph at lines 263--266
\T1/lmr/m/n/10.95 for user reg-is-tra-tion and
 []


Underfull \hbox (badness 2181) in paragraph at lines 263--266
\T1/lmr/m/n/10.95 role man-age-ment. - 3
 []


Underfull \hbox (badness 1024) in paragraph at lines 283--286
\T1/lmr/m/n/10.95 for user reg-is-tra-tion and
 []


Underfull \hbox (badness 6592) in paragraph at lines 293--296
[]|\T1/lmr/m/n/10.95 - Adapt email send-ing
 []


Underfull \hbox (badness 1320) in paragraph at lines 293--296
\T1/lmr/m/n/10.95 end-point (mo-bile). - 4
 []


Underfull \hbox (badness 1314) in paragraph at lines 303--306
\T1/lmr/m/n/10.95 for au-then-ti-ca-tion. - 2
 []


Underfull \hbox (badness 1205) in paragraph at lines 319--319
\T1/lmr/m/n/10.95 and fea-tures ac-cord-ing to my
 []


Underfull \hbox (badness 10000) in paragraph at lines 320--323
\T1/lmr/m/n/10.95 for au-then-ti-ca-tion (mo-
 []


Underfull \hbox (badness 1748) in paragraph at lines 320--323
\T1/lmr/m/n/10.95 age-ment (mo-bile). - 1
 []


Underfull \hbox (badness 1803) in paragraph at lines 345--348
\T1/lmr/m/n/10.95 re-cov-ery (mo-bile). - 2
 []


Overfull \hbox (9.597pt too wide) in alignment at lines 244--355
 [] [] [] [] 
 []

[13] [14]
Overfull \hbox (2.24583pt too wide) in paragraph at lines 359--359
[]|\T1/lmr/bx/n/10.95 Product
 []


Underfull \hbox (badness 10000) in paragraph at lines 359--359
\T1/lmr/bx/n/10.95 Back-
 []


Underfull \hbox (badness 10000) in paragraph at lines 359--359
\T1/lmr/bx/n/10.95 log
 []


Overfull \hbox (9.597pt too wide) in alignment at lines 358--360
 [] [] [] [] 
 []


Overfull \hbox (2.24583pt too wide) in paragraph at lines 362--362
[]|\T1/lmr/bx/n/10.95 Product
 []


Underfull \hbox (badness 10000) in paragraph at lines 362--362
\T1/lmr/bx/n/10.95 Back-
 []


Underfull \hbox (badness 10000) in paragraph at lines 362--362
\T1/lmr/bx/n/10.95 log
 []


Overfull \hbox (9.597pt too wide) in alignment at lines 360--363
 [] [] [] [] 
 []


Underfull \hbox (badness 10000) in paragraph at lines 367--369
[]|\T1/lmr/m/n/10.95 Design UI for con-
 []


Underfull \hbox (badness 6995) in paragraph at lines 367--369
\T1/lmr/m/n/10.95 tract/agreement view-ing.
 []


Underfull \hbox (badness 1552) in paragraph at lines 367--369
\T1/lmr/m/n/10.95 Implement back-end logic
 []


Underfull \hbox (badness 1184) in paragraph at lines 374--374
\T1/lmr/m/n/10.95 fi-den-tial-ity agree-ments for the
 []


Underfull \hbox (badness 1552) in paragraph at lines 376--377
\T1/lmr/m/n/10.95 Implement back-end logic
 []


Underfull \hbox (badness 1552) in paragraph at lines 383--384
\T1/lmr/m/n/10.95 Implement back-end logic
 []


Underfull \hbox (badness 5161) in paragraph at lines 407--408
[]|\T1/lmr/m/n/10.95 Design UI for con-tract
 []


Underfull \hbox (badness 1092) in paragraph at lines 407--408
\T1/lmr/m/n/10.95 view-ing (as-pi-rant). - 3
 []


Underfull \hbox (badness 1552) in paragraph at lines 407--408
\T1/lmr/m/n/10.95 Implement back-end logic
 []


Underfull \hbox (badness 1817) in paragraph at lines 413--414
\T1/lmr/m/n/10.95 load func-tion-al-ity. - 2
 []


Underfull \hbox (badness 1540) in paragraph at lines 419--420
\T1/lmr/m/n/10.95 Adapt back-end logic for
 []


Underfull \hbox (badness 1552) in paragraph at lines 433--434
[]|\T1/lmr/m/n/10.95 Implement back-end logic
 []


Underfull \hbox (badness 1552) in paragraph at lines 440--442
\T1/lmr/m/n/10.95 Implement back-end logic
 []


Underfull \hbox (badness 1852) in paragraph at lines 440--442
\T1/lmr/m/n/10.95 for project cre-ation and
 []


Underfull \hbox (badness 2932) in paragraph at lines 440--442
\T1/lmr/m/n/10.95 Database in-te-gra-tion for
 []


Underfull \hbox (badness 1552) in paragraph at lines 449--450
\T1/lmr/m/n/10.95 Implement back-end logic
 []


Underfull \hbox (badness 10000) in paragraph at lines 449--450
\T1/lmr/m/n/10.95 for stor-ing role/profile
 []


Underfull \hbox (badness 1552) in paragraph at lines 455--456
\T1/lmr/m/n/10.95 Implement back-end logic
 []


Underfull \hbox (badness 1502) in paragraph at lines 455--456
\T1/lmr/m/n/10.95 for rec-om-men-da-tion pro-
 []


Underfull \hbox (badness 1728) in paragraph at lines 460--460
\T1/lmr/m/n/10.95 pany's stan-dards and re-quire-
 []


Underfull \hbox (badness 1552) in paragraph at lines 462--464
\T1/lmr/m/n/10.95 Implement back-end logic
 []


Underfull \hbox (badness 2932) in paragraph at lines 462--464
\T1/lmr/m/n/10.95 Database in-te-gra-tion for
 []


Underfull \hbox (badness 10000) in paragraph at lines 470--471
[]|\T1/lmr/m/n/10.95 Design mo-bile UI for
 []


Underfull \hbox (badness 1552) in paragraph at lines 476--477
\T1/lmr/m/n/10.95 Implement back-end logic
 []


Overfull \hbox (9.597pt too wide) in alignment at lines 363--482
 [] [] [] [] 
 []

[15] [16] [17]
Overfull \hbox (2.24583pt too wide) in paragraph at lines 486--486
[]|\T1/lmr/bx/n/10.95 Product
 []


Underfull \hbox (badness 10000) in paragraph at lines 486--486
\T1/lmr/bx/n/10.95 Back-
 []


Underfull \hbox (badness 10000) in paragraph at lines 486--486
\T1/lmr/bx/n/10.95 log
 []


Overfull \hbox (9.597pt too wide) in alignment at lines 485--487
 [] [] [] [] 
 []


Overfull \hbox (2.24583pt too wide) in paragraph at lines 489--489
[]|\T1/lmr/bx/n/10.95 Product
 []


Underfull \hbox (badness 10000) in paragraph at lines 489--489
\T1/lmr/bx/n/10.95 Back-
 []


Underfull \hbox (badness 10000) in paragraph at lines 489--489
\T1/lmr/bx/n/10.95 log
 []


Overfull \hbox (9.597pt too wide) in alignment at lines 487--490
 [] [] [] [] 
 []


Underfull \hbox (badness 10000) in paragraph at lines 494--495
[]|\T1/lmr/m/n/10.95 Design UI for
 []


Underfull \hbox (badness 10000) in paragraph at lines 494--495
\T1/lmr/m/n/10.95 project/position ap-pli-
 []


Underfull \hbox (badness 1552) in paragraph at lines 494--495
\T1/lmr/m/n/10.95 Implement back-end logic
 []


Underfull \hbox (badness 1552) in paragraph at lines 500--501
\T1/lmr/m/n/10.95 Implement back-end logic
 []


Underfull \hbox (badness 3872) in paragraph at lines 500--501
\T1/lmr/m/n/10.95 for pos-tu-la-tion can-cel-la-
 []


Underfull \hbox (badness 1237) in paragraph at lines 507--507
[]|\T1/lmr/bx/n/10.95 As \T1/lmr/m/n/10.95 an HR mem-ber, \T1/lmr/bx/n/10.95 I 
want
 []


Underfull \hbox (badness 2418) in paragraph at lines 508--509
[]|\T1/lmr/m/n/10.95 Design UI for in-ter-view
 []


Underfull \hbox (badness 1552) in paragraph at lines 508--509
\T1/lmr/m/n/10.95 Implement back-end logic
 []


Underfull \hbox (badness 5832) in paragraph at lines 508--509
\T1/lmr/m/n/10.95 for in-ter-view schedul-ing
 []


Underfull \hbox (badness 1552) in paragraph at lines 514--515
\T1/lmr/m/n/10.95 Implement back-end logic
 []


Underfull \hbox (badness 1552) in paragraph at lines 520--521
\T1/lmr/m/n/10.95 Implement back-end logic
 []


Underfull \hbox (badness 1552) in paragraph at lines 526--527
\T1/lmr/m/n/10.95 Implement back-end logic
 []


Underfull \hbox (badness 1946) in paragraph at lines 526--527
\T1/lmr/m/n/10.95 for stor-ing pri-vate com-
 []


Underfull \hbox (badness 1552) in paragraph at lines 532--533
\T1/lmr/m/n/10.95 Implement back-end logic
 []


Underfull \hbox (badness 1237) in paragraph at lines 538--538
[]|\T1/lmr/bx/n/10.95 As \T1/lmr/m/n/10.95 an HR mem-ber, \T1/lmr/bx/n/10.95 I 
want
 []


Underfull \hbox (badness 1577) in paragraph at lines 538--538
\T1/lmr/m/n/10.95 defin-ing manda-tory fields and
 []


Underfull \hbox (badness 1072) in paragraph at lines 539--541
[]|\T1/lmr/m/n/10.95 Design UI for form cre-
 []


Underfull \hbox (badness 1552) in paragraph at lines 539--541
\T1/lmr/m/n/10.95 Implement back-end logic
 []


Underfull \hbox (badness 1117) in paragraph at lines 546--546
\T1/lmr/m/n/10.95 and agree-ments, \T1/lmr/bx/n/10.95 so that \T1/lmr/m/n/10.95
 ap-
 []


Underfull \hbox (badness 1552) in paragraph at lines 547--549
\T1/lmr/m/n/10.95 Implement back-end logic
 []


Underfull \hbox (badness 1694) in paragraph at lines 547--549
\T1/lmr/m/n/10.95 Implement tem-plate ver-
 []


Underfull \hbox (badness 3312) in paragraph at lines 555--556
\T1/lmr/m/n/10.95 Update UI to in-te-grate
 []


Underfull \hbox (badness 1237) in paragraph at lines 560--560
[]|\T1/lmr/bx/n/10.95 As \T1/lmr/m/n/10.95 an HR mem-ber, \T1/lmr/bx/n/10.95 I 
want
 []


Underfull \hbox (badness 1552) in paragraph at lines 561--562
[]|\T1/lmr/m/n/10.95 Implement back-end logic
 []


Underfull \hbox (badness 2635) in paragraph at lines 561--562
\T1/lmr/m/n/10.95 for doc-u-ment gen-er-a-tion
 []


Underfull \hbox (badness 1281) in paragraph at lines 561--562
\T1/lmr/m/n/10.95 Design UI for doc-u-ment
 []


Overfull \hbox (9.597pt too wide) in alignment at lines 490--568
 [] [] [] [] 
 []

[18] [19]
Overfull \hbox (2.24583pt too wide) in paragraph at lines 571--571
[]|\T1/lmr/bx/n/10.95 Product
 []


Underfull \hbox (badness 10000) in paragraph at lines 571--571
\T1/lmr/bx/n/10.95 Back-
 []


Underfull \hbox (badness 10000) in paragraph at lines 571--571
\T1/lmr/bx/n/10.95 log
 []


Overfull \hbox (9.597pt too wide) in alignment at lines 570--572
 [] [] [] [] 
 []


Overfull \hbox (2.24583pt too wide) in paragraph at lines 574--574
[]|\T1/lmr/bx/n/10.95 Product
 []


Underfull \hbox (badness 10000) in paragraph at lines 574--574
\T1/lmr/bx/n/10.95 Back-
 []


Underfull \hbox (badness 10000) in paragraph at lines 574--574
\T1/lmr/bx/n/10.95 log
 []


Overfull \hbox (9.597pt too wide) in alignment at lines 572--575
 [] [] [] [] 
 []


Underfull \hbox (badness 1939) in paragraph at lines 583--583
[]|\T1/lmr/bx/n/10.95 As \T1/lmr/m/n/10.95 a Di-rec-tor, HR Mem-ber,
 []


Underfull \hbox (badness 7869) in paragraph at lines 584--585
[]|\T1/lmr/m/n/10.95 Design UI for view-ing
 []


Underfull \hbox (badness 2005) in paragraph at lines 584--585
\T1/lmr/m/n/10.95 project per-son-nel. - 4
 []


Underfull \hbox (badness 1552) in paragraph at lines 584--585
\T1/lmr/m/n/10.95 Implement back-end logic
 []


Underfull \hbox (badness 1215) in paragraph at lines 589--589
\T1/lmr/m/n/10.95 across the plat-form, in-clud-ing
 []


Underfull \hbox (badness 1314) in paragraph at lines 590--591
\T1/lmr/m/n/10.95 fil-ter func-tion-al-ity. - 3
 []


Underfull \hbox (badness 1552) in paragraph at lines 590--591
\T1/lmr/m/n/10.95 Implement back-end logic
 []


Underfull \hbox (badness 1337) in paragraph at lines 597--599
[]|\T1/lmr/m/n/10.95 Set up push no-ti-fi-ca-tion
 []


Underfull \hbox (badness 10000) in paragraph at lines 597--599
\T1/lmr/m/n/10.95 ser-vice (e.g., Fire-base
 []


Underfull \hbox (badness 1354) in paragraph at lines 597--599
\T1/lmr/m/n/10.95 Cloud Mes-sag-ing). - 4
 []


Underfull \hbox (badness 1552) in paragraph at lines 597--599
\T1/lmr/m/n/10.95 Implement back-end logic
 []


Underfull \hbox (badness 10000) in paragraph at lines 597--599
\T1/lmr/m/n/10.95 Integrate no-ti-fi-ca-tions
 []


Underfull \hbox (badness 2538) in paragraph at lines 604--604
[]|\T1/lmr/bx/n/10.95 As \T1/lmr/m/n/10.95 an as-pi-rant, \T1/lmr/bx/n/10.95 I 
want \T1/lmr/m/n/10.95 to
 []


Underfull \hbox (badness 10000) in paragraph at lines 611--612
[]|\T1/lmr/m/n/10.95 Implement no-ti-fi-ca-tion
 []


Underfull \hbox (badness 10000) in paragraph at lines 611--612
\T1/lmr/m/n/10.95 Integrate with cal-en-
 []


Underfull \hbox (badness 10000) in paragraph at lines 611--612
\T1/lmr/m/n/10.95 dar/reminder sys-tem if
 []


Underfull \hbox (badness 1173) in paragraph at lines 618--621
[]|\T1/lmr/m/n/10.95 Functional test-ing. - 8
 []


Underfull \hbox (badness 10000) in paragraph at lines 618--621
\T1/lmr/m/n/10.95 Deployment to stag-
 []


Underfull \hbox (badness 4792) in paragraph at lines 622--622
[]|\T1/lmr/m/n/10.95 All team mem-
 []


Overfull \hbox (9.597pt too wide) in alignment at lines 575--625
 [] [] [] [] 
 []

[20]
Underfull \hbox (badness 1406) in paragraph at lines 632--632
[]|\T1/lmr/bx/n/10.95 Product Back-
 []


Overfull \hbox (4.84723pt too wide) in paragraph at lines 632--632
[]|\T1/lmr/bx/n/10.95 Hours| 
 []


Underfull \hbox (badness 10000) in paragraph at lines 632--632
[]|\T1/lmr/bx/n/10.95 Earliest
 []


Underfull \hbox (badness 10000) in paragraph at lines 632--632
\T1/lmr/bx/n/10.95 Start
 []


Underfull \hbox (badness 10000) in paragraph at lines 632--632
[]|\T1/lmr/bx/n/10.95 Lastest
 []


Underfull \hbox (badness 10000) in paragraph at lines 632--632
\T1/lmr/bx/n/10.95 Fin-ish
 []


Underfull \hbox (badness 10000) in paragraph at lines 633--633
[]|\T1/lmr/m/n/10.95 System Foun-da-
 []


Underfull \hbox (badness 10000) in paragraph at lines 634--634
[]|\T1/lmr/m/n/10.95 User Man-age-
 []


Underfull \hbox (badness 10000) in paragraph at lines 634--634
\T1/lmr/m/n/10.95 PB9, PB10,
 []


Underfull \hbox (badness 10000) in paragraph at lines 635--635
[]|\T1/lmr/m/n/10.95 PB13, PB14,
 []


Underfull \hbox (badness 10000) in paragraph at lines 635--635
\T1/lmr/m/n/10.95 PB15, PB16,
 []


Underfull \hbox (badness 10000) in paragraph at lines 635--635
\T1/lmr/m/n/10.95 PB17, PB18,
 []


Underfull \hbox (badness 10000) in paragraph at lines 635--635
\T1/lmr/m/n/10.95 PB19, PB20,
 []


Underfull \hbox (badness 10000) in paragraph at lines 636--636
[]|\T1/lmr/m/n/10.95 PB23, PB24,
 []


Underfull \hbox (badness 10000) in paragraph at lines 636--636
\T1/lmr/m/n/10.95 PB25, PB26,
 []


Underfull \hbox (badness 10000) in paragraph at lines 638--638
[]|\T1/lmr/m/n/10.95 PB31, PB32,
 []


Underfull \hbox (badness 10000) in paragraph at lines 638--638
\T1/lmr/m/n/10.95 PB33, PB34,
 []


Underfull \hbox (badness 10000) in paragraph at lines 639--639
[]|\T1/lmr/m/n/10.95 PB36, PB37,
 []


Underfull \hbox (badness 10000) in paragraph at lines 640--640
[]|\T1/lmr/m/n/10.95 PB40, PB41,
 []


Underfull \hbox (badness 10000) in paragraph at lines 641--641
[]|\T1/lmr/m/n/10.95 PB43, PB44,
 []


Underfull \hbox (badness 1259) in paragraph at lines 642--642
[]|\T1/lmr/m/n/10.95 Testing and De-
 []


Overfull \hbox (16.51779pt too wide) in paragraph at lines 630--644
 [][] 
 []

[21]
<ActivityArrowDiagram.png, id=348, 1157.32375pt x 401.5pt>
File: ActivityArrowDiagram.png Graphic file (type png)
<use ActivityArrowDiagram.png>
Package pdftex.def Info: ActivityArrowDiagram.png  used on input line 650.
(pdftex.def)             Requested size: 483.69684pt x 167.80177pt.

Overfull \hbox (30.72894pt too wide) in paragraph at lines 650--651
 [][] 
 []

[22
pdfTeX warning (ext4): destination with the same identifier (name{table.2.9}) h
as been already used, duplicate ignored
<argument> ...shipout:D \box_use:N \l_shipout_box 
                                                  \__shipout_drop_firstpage_...
l.654 
      ] [23
pdfTeX warning (ext4): destination with the same identifier (name{figure.2.1}) 
has been already used, duplicate ignored
<argument> ...shipout:D \box_use:N \l_shipout_box 
                                                  \__shipout_drop_firstpage_...
l.655 \chapter
              {Static UML} <./ActivityArrowDiagram.png>]
chapter 3.
<UseCases/WebUseCases.jpg, id=357, 598.3956pt x 823.51665pt>
File: UseCases/WebUseCases.jpg Graphic file (type jpg)
<use UseCases/WebUseCases.jpg>
Package pdftex.def Info: UseCases/WebUseCases.jpg  used on input line 659.
(pdftex.def)             Requested size: 452.9679pt x 623.39111pt.
[24

]
Overfull \vbox (37.65942pt too high) has occurred while \output is active []


[25
pdfTeX warning (ext4): destination with the same identifier (name{figure.3.1}) 
has been already used, duplicate ignored
<argument> ...shipout:D \box_use:N \l_shipout_box 
                                                  \__shipout_drop_firstpage_...
l.663 
       <./UseCases/WebUseCases.jpg>]
LaTeX Font Info:    Trying to load font information for TS1+lmr on input line 7
08.

(/usr/share/texmf-dist/tex/latex/lm/ts1lmr.fd
File: ts1lmr.fd 2015/05/01 v1.6.1 Font defs for Latin Modern
) [26
pdfTeX warning (ext4): destination with the same identifier (name{table.3.1}) h
as been already used, duplicate ignored
<argument> ...shipout:D \box_use:N \l_shipout_box 
                                                  \__shipout_drop_firstpage_...
l.737 
      ] [27{/usr/share/texmf-dist/fonts/enc/dvips/lm/lm-ts1.enc}
pdfTeX warning (ext4): destination with the same identifier (name{table.3.2}) h
as been already used, duplicate ignored
<argument> ...shipout:D \box_use:N \l_shipout_box 
                                                  \__shipout_drop_firstpage_...
l.779 
      ] [28
pdfTeX warning (ext4): destination with the same identifier (name{table.3.3}) h
as been already used, duplicate ignored
<argument> ...shipout:D \box_use:N \l_shipout_box 
                                                  \__shipout_drop_firstpage_...
l.813 
      ] [29
pdfTeX warning (ext4): destination with the same identifier (name{table.3.4}) h
as been already used, duplicate ignored
<argument> ...shipout:D \box_use:N \l_shipout_box 
                                                  \__shipout_drop_firstpage_...
l.849 
      ] [30
pdfTeX warning (ext4): destination with the same identifier (name{table.3.5}) h
as been already used, duplicate ignored
<argument> ...shipout:D \box_use:N \l_shipout_box 
                                                  \__shipout_drop_firstpage_...
l.885 
      ] [31
pdfTeX warning (ext4): destination with the same identifier (name{table.3.6}) h
as been already used, duplicate ignored
<argument> ...shipout:D \box_use:N \l_shipout_box 
                                                  \__shipout_drop_firstpage_...
l.927 
      ] [32
pdfTeX warning (ext4): destination with the same identifier (name{table.3.7}) h
as been already used, duplicate ignored
<argument> ...shipout:D \box_use:N \l_shipout_box 
                                                  \__shipout_drop_firstpage_...
l.967 
      ] [33
pdfTeX warning (ext4): destination with the same identifier (name{table.3.8}) h
as been already used, duplicate ignored
<argument> ...shipout:D \box_use:N \l_shipout_box 
                                                  \__shipout_drop_firstpage_...
l.1004 
       ] [34
pdfTeX warning (ext4): destination with the same identifier (name{table.3.9}) h
as been already used, duplicate ignored
<argument> ...shipout:D \box_use:N \l_shipout_box 
                                                  \__shipout_drop_firstpage_...
l.1048 
       ]
Overfull \vbox (14.12259pt too high) has occurred while \output is active []


[35
pdfTeX warning (ext4): destination with the same identifier (name{table.3.10}) 
has been already used, duplicate ignored
<argument> ...shipout:D \box_use:N \l_shipout_box 
                                                  \__shipout_drop_firstpage_...
l.1048 
       ] [36
pdfTeX warning (ext4): destination with the same identifier (name{table.3.11}) 
has been already used, duplicate ignored
<argument> ...shipout:D \box_use:N \l_shipout_box 
                                                  \__shipout_drop_firstpage_...
l.1123 
       ] [37
pdfTeX warning (ext4): destination with the same identifier (name{table.3.12}) 
has been already used, duplicate ignored
<argument> ...shipout:D \box_use:N \l_shipout_box 
                                                  \__shipout_drop_firstpage_...
l.1166 
       ] [38
pdfTeX warning (ext4): destination with the same identifier (name{table.3.13}) 
has been already used, duplicate ignored
<argument> ...shipout:D \box_use:N \l_shipout_box 
                                                  \__shipout_drop_firstpage_...
l.1204 
       ] [39
pdfTeX warning (ext4): destination with the same identifier (name{table.3.14}) 
has been already used, duplicate ignored
<argument> ...shipout:D \box_use:N \l_shipout_box 
                                                  \__shipout_drop_firstpage_...
l.1240 
       ] [40
pdfTeX warning (ext4): destination with the same identifier (name{table.3.15}) 
has been already used, duplicate ignored
<argument> ...shipout:D \box_use:N \l_shipout_box 
                                                  \__shipout_drop_firstpage_...
l.1323 \end{table}
                  ] [41
pdfTeX warning (ext4): destination with the same identifier (name{table.3.16}) 
has been already used, duplicate ignored
<argument> ...shipout:D \box_use:N \l_shipout_box 
                                                  \__shipout_drop_firstpage_...
l.1324 
       ]
<UseCases/MobileUseCases.jpg, id=440, 551.05875pt x 445.00252pt>
File: UseCases/MobileUseCases.jpg Graphic file (type jpg)
<use UseCases/MobileUseCases.jpg>
Package pdftex.def Info: UseCases/MobileUseCases.jpg  used on input line 1330.
(pdftex.def)             Requested size: 452.9679pt x 365.80072pt.
 [42
pdfTeX warning (ext4): destination with the same identifier (name{table.3.17}) 
has been already used, duplicate ignored
<argument> ...shipout:D \box_use:N \l_shipout_box 
                                                  \__shipout_drop_firstpage_...
l.1334 
       ] [43
pdfTeX warning (ext4): destination with the same identifier (name{figure.3.2}) 
has been already used, duplicate ignored
<argument> ...shipout:D \box_use:N \l_shipout_box 
                                                  \__shipout_drop_firstpage_...
l.1380 
        <./UseCases/MobileUseCases.jpg>] [44
pdfTeX warning (ext4): destination with the same identifier (name{table.3.18}) 
has been already used, duplicate ignored
<argument> ...shipout:D \box_use:N \l_shipout_box 
                                                  \__shipout_drop_firstpage_...
l.1407 
       ] [45
pdfTeX warning (ext4): destination with the same identifier (name{table.3.19}) 
has been already used, duplicate ignored
<argument> ...shipout:D \box_use:N \l_shipout_box 
                                                  \__shipout_drop_firstpage_...
l.1445 
       ] [46
pdfTeX warning (ext4): destination with the same identifier (name{table.3.20}) 
has been already used, duplicate ignored
<argument> ...shipout:D \box_use:N \l_shipout_box 
                                                  \__shipout_drop_firstpage_...
l.1480 
       ] [47
pdfTeX warning (ext4): destination with the same identifier (name{table.3.21}) 
has been already used, duplicate ignored
<argument> ...shipout:D \box_use:N \l_shipout_box 
                                                  \__shipout_drop_firstpage_...
l.1525 
       ] [48
pdfTeX warning (ext4): destination with the same identifier (name{table.3.22}) 
has been already used, duplicate ignored
<argument> ...shipout:D \box_use:N \l_shipout_box 
                                                  \__shipout_drop_firstpage_...
l.1565 
       ]
<DC/DC1.jpg, id=472, 758.835pt x 593.21625pt>
File: DC/DC1.jpg Graphic file (type jpg)
<use DC/DC1.jpg>
Package pdftex.def Info: DC/DC1.jpg  used on input line 1569.
(pdftex.def)             Requested size: 452.9679pt x 354.1131pt.
 [49
pdfTeX warning (ext4): destination with the same identifier (name{table.3.23}) 
has been already used, duplicate ignored
<argument> ...shipout:D \box_use:N \l_shipout_box 
                                                  \__shipout_drop_firstpage_...
l.1573 
       ]
<DC/DC2.jpg, id=477, 641.39626pt x 449.42906pt>
File: DC/DC2.jpg Graphic file (type jpg)
<use DC/DC2.jpg>
Package pdftex.def Info: DC/DC2.jpg  used on input line 1576.
(pdftex.def)             Requested size: 452.9679pt x 317.403pt.
 [50
pdfTeX warning (ext4): destination with the same identifier (name{figure.3.3}) 
has been already used, duplicate ignored
<argument> ...shipout:D \box_use:N \l_shipout_box 
                                                  \__shipout_drop_firstpage_...
l.1580 
        <./DC/DC1.jpg>]
<DC/DC3.jpg, id=482, 711.4078pt x 580.41844pt>
File: DC/DC3.jpg Graphic file (type jpg)
<use DC/DC3.jpg>
Package pdftex.def Info: DC/DC3.jpg  used on input line 1583.
(pdftex.def)             Requested size: 452.9679pt x 369.58011pt.
 [51
pdfTeX warning (ext4): destination with the same identifier (name{figure.3.4}) 
has been already used, duplicate ignored
<argument> ...shipout:D \box_use:N \l_shipout_box 
                                                  \__shipout_drop_firstpage_...
l.1587 
        <./DC/DC2.jpg>]
<DC/DC4.jpg, id=487, 775.39688pt x 590.205pt>
File: DC/DC4.jpg Graphic file (type jpg)
<use DC/DC4.jpg>
Package pdftex.def Info: DC/DC4.jpg  used on input line 1590.
(pdftex.def)             Requested size: 452.9679pt x 344.78671pt.
 [52
pdfTeX warning (ext4): destination with the same identifier (name{figure.3.5}) 
has been already used, duplicate ignored
<argument> ...shipout:D \box_use:N \l_shipout_box 
                                                  \__shipout_drop_firstpage_...
l.1594 
        <./DC/DC3.jpg>]
<DC/DC5.jpg, id=492, 776.14969pt x 554.82281pt>
File: DC/DC5.jpg Graphic file (type jpg)
<use DC/DC5.jpg>
Package pdftex.def Info: DC/DC5.jpg  used on input line 1597.
(pdftex.def)             Requested size: 452.9679pt x 323.80388pt.
 [53
pdfTeX warning (ext4): destination with the same identifier (name{figure.3.6}) 
has been already used, duplicate ignored
<argument> ...shipout:D \box_use:N \l_shipout_box 
                                                  \__shipout_drop_firstpage_...
l.1601 
        <./DC/DC4.jpg>]
<DC/DC6.jpg, id=497, 768.62157pt x 492.33937pt>
File: DC/DC6.jpg Graphic file (type jpg)
<use DC/DC6.jpg>
Package pdftex.def Info: DC/DC6.jpg  used on input line 1604.
(pdftex.def)             Requested size: 452.9679pt x 290.15466pt.
 [54
pdfTeX warning (ext4): destination with the same identifier (name{figure.3.7}) 
has been already used, duplicate ignored
<argument> ...shipout:D \box_use:N \l_shipout_box 
                                                  \__shipout_drop_firstpage_...
l.1608 
        <./DC/DC5.jpg>]
<DC/DC7.jpg, id=503, 743.02594pt x 483.30562pt>
File: DC/DC7.jpg Graphic file (type jpg)
<use DC/DC7.jpg>
Package pdftex.def Info: DC/DC7.jpg  used on input line 1615.
(pdftex.def)             Requested size: 452.9679pt x 294.639pt.
 [55
pdfTeX warning (ext4): destination with the same identifier (name{figure.3.8}) 
has been already used, duplicate ignored
<argument> ...shipout:D \box_use:N \l_shipout_box 
                                                  \__shipout_drop_firstpage_...
l.1619 
        <./DC/DC6.jpg>]
<ObjectDiagram.jpeg, id=508, 1080.035pt x 825.0825pt>
File: ObjectDiagram.jpeg Graphic file (type jpg)
<use ObjectDiagram.jpeg>
Package pdftex.def Info: ObjectDiagram.jpeg  used on input line 1623.
(pdftex.def)             Requested size: 452.9679pt x 346.0287pt.
 [56
pdfTeX warning (ext4): destination with the same identifier (name{figure.3.9}) 
has been already used, duplicate ignored
<argument> ...shipout:D \box_use:N \l_shipout_box 
                                                  \__shipout_drop_firstpage_...
l.1627 
        <./DC/DC7.jpg>]
<DCP/DCP1.jpeg, id=513, 1606.0pt x 660.4675pt>
File: DCP/DCP1.jpeg Graphic file (type jpg)
<use DCP/DCP1.jpeg>
Package pdftex.def Info: DCP/DCP1.jpeg  used on input line 1631.
(pdftex.def)             Requested size: 452.9679pt x 186.28008pt.
<DCP/DCP2.jpeg, id=514, 1606.0pt x 798.985pt>
File: DCP/DCP2.jpeg Graphic file (type jpg)
<use DCP/DCP2.jpeg>
Package pdftex.def Info: DCP/DCP2.jpeg  used on input line 1638.
(pdftex.def)             Requested size: 452.9679pt x 225.34793pt.
 [57
pdfTeX warning (ext4): destination with the same identifier (name{figure.3.10})
 has been already used, duplicate ignored
<argument> ...shipout:D \box_use:N \l_shipout_box 
                                                  \__shipout_drop_firstpage_...
l.1642 
       
pdfTeX warning (ext4): destination with the same identifier (name{figure.3.11})
 has been already used, duplicate ignored
<argument> ...shipout:D \box_use:N \l_shipout_box 
                                                  \__shipout_drop_firstpage_...
l.1642 
        <./ObjectDiagram.jpeg> <./DCP/DCP1.jpeg>]
<DPL/DPL1.jpeg, id=519, 868.24374pt x 577.15625pt>
File: DPL/DPL1.jpeg Graphic file (type jpg)
<use DPL/DPL1.jpeg>
Package pdftex.def Info: DPL/DPL1.jpeg  used on input line 1646.
(pdftex.def)             Requested size: 452.9679pt x 301.10931pt.
<DPL/DPL2.jpeg, id=520, 1030.85126pt x 451.6875pt>
File: DPL/DPL2.jpeg Graphic file (type jpg)
<use DPL/DPL2.jpeg>
Package pdftex.def Info: DPL/DPL2.jpeg  used on input line 1653.
(pdftex.def)             Requested size: 452.9679pt x 198.4743pt.
 [58
pdfTeX warning (ext4): destination with the same identifier (name{figure.3.12})
 has been already used, duplicate ignored
<argument> ...shipout:D \box_use:N \l_shipout_box 
                                                  \__shipout_drop_firstpage_...
l.1657 \chapter
               {Behavior UML}
pdfTeX warning (ext4): destination with the same identifier (name{figure.3.13})
 has been already used, duplicate ignored
<argument> ...shipout:D \box_use:N \l_shipout_box 
                                                  \__shipout_drop_firstpage_...
l.1657 \chapter
               {Behavior UML} <./DCP/DCP2.jpeg> <./DPL/DPL1.jpeg>] [59
pdfTeX warning (ext4): destination with the same identifier (name{figure.3.14})
 has been already used, duplicate ignored
<argument> ...shipout:D \box_use:N \l_shipout_box 
                                                  \__shipout_drop_firstpage_...
l.1657 \chapter
               {Behavior UML} <./DPL/DPL2.jpeg>]
chapter 4.
<AD/AD1.png, id=529, 502.87875pt x 691.58376pt>
File: AD/AD1.png Graphic file (type png)
<use AD/AD1.png>
Package pdftex.def Info: AD/AD1.png  used on input line 1662.
(pdftex.def)             Requested size: 452.9679pt x 622.9367pt.
[60

]
Overfull \vbox (41.605pt too high) has occurred while \output is active []


[61
pdfTeX warning (ext4): destination with the same identifier (name{figure.4.1}) 
has been already used, duplicate ignored
<argument> ...shipout:D \box_use:N \l_shipout_box 
                                                  \__shipout_drop_firstpage_...
l.1666 
        <./AD/AD1.png>]
<AD/AD2.png, id=541, 827.09pt x 617.30624pt>
File: AD/AD2.png Graphic file (type png)
<use AD/AD2.png>
Package pdftex.def Info: AD/AD2.png  used on input line 1669.
(pdftex.def)             Requested size: 452.9679pt x 338.07832pt.
<AD/AD3.png, id=542, 687.56876pt x 584.1825pt>
File: AD/AD3.png Graphic file (type png)
<use AD/AD3.png>
Package pdftex.def Info: AD/AD3.png  used on input line 1676.
(pdftex.def)             Requested size: 452.9679pt x 384.85744pt.
 [62
pdfTeX warning (ext4): destination with the same identifier (name{figure.4.2}) 
has been already used, duplicate ignored
<argument> ...shipout:D \box_use:N \l_shipout_box 
                                                  \__shipout_drop_firstpage_...
l.1680 
        <./AD/AD2.png>]
<AD/AD4.png, id=548, 885.3075pt x 580.1675pt>
File: AD/AD4.png Graphic file (type png)
<use AD/AD4.png>
Package pdftex.def Info: AD/AD4.png  used on input line 1683.
(pdftex.def)             Requested size: 452.9679pt x 296.84644pt.
 [63
pdfTeX warning (ext4): destination with the same identifier (name{figure.4.3}) 
has been already used, duplicate ignored
<argument> ...shipout:D \box_use:N \l_shipout_box 
                                                  \__shipout_drop_firstpage_...
l.1687 
        <./AD/AD3.png>]
<SD/SD0.png, id=554, 679.03688pt x 316.18124pt>
File: SD/SD0.png Graphic file (type png)
<use SD/SD0.png>
Package pdftex.def Info: SD/SD0.png  used on input line 1697.
(pdftex.def)             Requested size: 452.9679pt x 210.91402pt.
<SD/SD1.png, id=555, 607.51968pt x 288.3272pt>
File: SD/SD1.png Graphic file (type png)
<use SD/SD1.png>
Package pdftex.def Info: SD/SD1.png  used on input line 1697.
(pdftex.def)             Requested size: 452.9679pt x 214.9822pt.
<SD/SD2.png, id=556, 656.4525pt x 344.03531pt>
File: SD/SD2.png Graphic file (type png)
<use SD/SD2.png>
Package pdftex.def Info: SD/SD2.png  used on input line 1697.
(pdftex.def)             Requested size: 452.9679pt x 237.39511pt.
 [64
pdfTeX warning (ext4): destination with the same identifier (name{figure.4.4}) 
has been already used, duplicate ignored
<argument> ...shipout:D \box_use:N \l_shipout_box 
                                                  \__shipout_drop_firstpage_...
l.1697 }
        
pdfTeX warning (ext4): destination with the same identifier (name{figure.4.5}) 
has been already used, duplicate ignored
<argument> ...shipout:D \box_use:N \l_shipout_box 
                                                  \__shipout_drop_firstpage_...
l.1697 }
         <./AD/AD4.png> <./SD/SD0.png>]
<SD/SD3.png, id=564, 656.4525pt x 315.42844pt>
File: SD/SD3.png Graphic file (type png)
<use SD/SD3.png>
Package pdftex.def Info: SD/SD3.png  used on input line 1697.
(pdftex.def)             Requested size: 452.9679pt x 217.65547pt.
<SD/SD4.png, id=565, 657.2053pt x 314.67563pt>
File: SD/SD4.png Graphic file (type png)
<use SD/SD4.png>
Package pdftex.def Info: SD/SD4.png  used on input line 1697.
(pdftex.def)             Requested size: 452.9679pt x 216.88632pt.
 [65
pdfTeX warning (ext4): destination with the same identifier (name{figure.4.6}) 
has been already used, duplicate ignored
<argument> ...shipout:D \box_use:N \l_shipout_box 
                                                  \__shipout_drop_firstpage_...
l.1697 }
        
pdfTeX warning (ext4): destination with the same identifier (name{figure.4.7}) 
has been already used, duplicate ignored
<argument> ...shipout:D \box_use:N \l_shipout_box 
                                                  \__shipout_drop_firstpage_...
l.1697 }
         <./SD/SD1.png> <./SD/SD2.png>]
<SD/SD5.png, id=572, 657.2053pt x 313.9228pt>
File: SD/SD5.png Graphic file (type png)
<use SD/SD5.png>
Package pdftex.def Info: SD/SD5.png  used on input line 1697.
(pdftex.def)             Requested size: 452.9679pt x 216.36745pt.
<SD/SD6.png, id=573, 658.71094pt x 313.9228pt>
File: SD/SD6.png Graphic file (type png)
<use SD/SD6.png>
Package pdftex.def Info: SD/SD6.png  used on input line 1697.
(pdftex.def)             Requested size: 452.9679pt x 215.87408pt.
 [66
pdfTeX warning (ext4): destination with the same identifier (name{figure.4.8}) 
has been already used, duplicate ignored
<argument> ...shipout:D \box_use:N \l_shipout_box 
                                                  \__shipout_drop_firstpage_...
l.1697 }
        
pdfTeX warning (ext4): destination with the same identifier (name{figure.4.9}) 
has been already used, duplicate ignored
<argument> ...shipout:D \box_use:N \l_shipout_box 
                                                  \__shipout_drop_firstpage_...
l.1697 }
         <./SD/SD3.png> <./SD/SD4.png>]
<SD/SD7.png, id=581, 657.95813pt x 342.5297pt>
File: SD/SD7.png Graphic file (type png)
<use SD/SD7.png>
Package pdftex.def Info: SD/SD7.png  used on input line 1697.
(pdftex.def)             Requested size: 452.9679pt x 235.81786pt.
<SD/SD8.png, id=582, 644.4075pt x 341.77687pt>
File: SD/SD8.png Graphic file (type png)
<use SD/SD8.png>
Package pdftex.def Info: SD/SD8.png  used on input line 1697.
(pdftex.def)             Requested size: 452.9679pt x 240.24869pt.
 [67
pdfTeX warning (ext4): destination with the same identifier (name{figure.4.10})
 has been already used, duplicate ignored
<argument> ...shipout:D \box_use:N \l_shipout_box 
                                                  \__shipout_drop_firstpage_...
l.1697 }
        
pdfTeX warning (ext4): destination with the same identifier (name{figure.4.11})
 has been already used, duplicate ignored
<argument> ...shipout:D \box_use:N \l_shipout_box 
                                                  \__shipout_drop_firstpage_...
l.1697 }
         <./SD/SD5.png> <./SD/SD6.png>]
<SD/SD9.png, id=589, 1273.75874pt x 751.80875pt>
File: SD/SD9.png Graphic file (type png)
<use SD/SD9.png>
Package pdftex.def Info: SD/SD9.png  used on input line 1697.
(pdftex.def)             Requested size: 452.9679pt x 267.34709pt.
<SD/SD10.png, id=590, 821.0675pt x 511.9125pt>
File: SD/SD10.png Graphic file (type png)
<use SD/SD10.png>
Package pdftex.def Info: SD/SD10.png  used on input line 1697.
(pdftex.def)             Requested size: 452.9679pt x 282.41197pt.
 [68
pdfTeX warning (ext4): destination with the same identifier (name{figure.4.12})
 has been already used, duplicate ignored
<argument> ...shipout:D \box_use:N \l_shipout_box 
                                                  \__shipout_drop_firstpage_...
l.1697 }
        
pdfTeX warning (ext4): destination with the same identifier (name{figure.4.13})
 has been already used, duplicate ignored
<argument> ...shipout:D \box_use:N \l_shipout_box 
                                                  \__shipout_drop_firstpage_...
l.1697 }
         <./SD/SD7.png> <./SD/SD8.png>]
<SD/SD11.png, id=597, 941.5175pt x 363.3575pt>
File: SD/SD11.png Graphic file (type png)
<use SD/SD11.png>
Package pdftex.def Info: SD/SD11.png  used on input line 1697.
(pdftex.def)             Requested size: 452.9679pt x 174.81435pt.
<SD/SD12.png, id=598, 831.105pt x 407.5225pt>
File: SD/SD12.png Graphic file (type png)
<use SD/SD12.png>
Package pdftex.def Info: SD/SD12.png  used on input line 1697.
(pdftex.def)             Requested size: 452.9679pt x 222.10468pt.
 [69
pdfTeX warning (ext4): destination with the same identifier (name{figure.4.14})
 has been already used, duplicate ignored
<argument> ...shipout:D \box_use:N \l_shipout_box 
                                                  \__shipout_drop_firstpage_...
l.1697 }
        
pdfTeX warning (ext4): destination with the same identifier (name{figure.4.15})
 has been already used, duplicate ignored
<argument> ...shipout:D \box_use:N \l_shipout_box 
                                                  \__shipout_drop_firstpage_...
l.1697 }
         <./SD/SD9.png (PNG copy)> <./SD/SD10.png (PNG copy)>]
<SD/SD13.png, id=603, 592.2125pt x 452.69125pt>
File: SD/SD13.png Graphic file (type png)
<use SD/SD13.png>
Package pdftex.def Info: SD/SD13.png  used on input line 1697.
(pdftex.def)             Requested size: 452.9679pt x 346.25932pt.
<SD/SD14.png, id=604, 1110.1475pt x 437.635pt>
File: SD/SD14.png Graphic file (type png)
<use SD/SD14.png>
Package pdftex.def Info: SD/SD14.png  used on input line 1697.
(pdftex.def)             Requested size: 452.9679pt x 178.5634pt.
 [70
pdfTeX warning (ext4): destination with the same identifier (name{figure.4.16})
 has been already used, duplicate ignored
<argument> ...shipout:D \box_use:N \l_shipout_box 
                                                  \__shipout_drop_firstpage_...
l.1697 }
        
pdfTeX warning (ext4): destination with the same identifier (name{figure.4.17})
 has been already used, duplicate ignored
<argument> ...shipout:D \box_use:N \l_shipout_box 
                                                  \__shipout_drop_firstpage_...
l.1697 }
         <./SD/SD11.png (PNG copy)> <./SD/SD12.png (PNG copy)>]
<SD/SD15.png, id=609, 814.04124pt x 417.56pt>
File: SD/SD15.png Graphic file (type png)
<use SD/SD15.png>
Package pdftex.def Info: SD/SD15.png  used on input line 1697.
(pdftex.def)             Requested size: 452.9679pt x 232.34744pt.
<SD/SD16.png, id=610, 756.8275pt x 519.9425pt>
File: SD/SD16.png Graphic file (type png)
<use SD/SD16.png>
Package pdftex.def Info: SD/SD16.png  used on input line 1697.
(pdftex.def)             Requested size: 452.9679pt x 311.19041pt.
 [71
pdfTeX warning (ext4): destination with the same identifier (name{figure.4.18})
 has been already used, duplicate ignored
<argument> ...shipout:D \box_use:N \l_shipout_box 
                                                  \__shipout_drop_firstpage_...
l.1697 }
        
pdfTeX warning (ext4): destination with the same identifier (name{figure.4.19})
 has been already used, duplicate ignored
<argument> ...shipout:D \box_use:N \l_shipout_box 
                                                  \__shipout_drop_firstpage_...
l.1697 }
         <./SD/SD13.png (PNG copy)> <./SD/SD14.png (PNG copy)>]
<SD/SD17.png, id=615, 952.55875pt x 394.47375pt>
File: SD/SD17.png Graphic file (type png)
<use SD/SD17.png>
Package pdftex.def Info: SD/SD17.png  used on input line 1697.
(pdftex.def)             Requested size: 452.9679pt x 187.58765pt.
<SD/SD18.png, id=616, 819.06pt x 480.79625pt>
File: SD/SD18.png Graphic file (type png)
<use SD/SD18.png>
Package pdftex.def Info: SD/SD18.png  used on input line 1697.
(pdftex.def)             Requested size: 452.9679pt x 265.89868pt.
 [72
pdfTeX warning (ext4): destination with the same identifier (name{figure.4.20})
 has been already used, duplicate ignored
<argument> ...shipout:D \box_use:N \l_shipout_box 
                                                  \__shipout_drop_firstpage_...
l.1697 }
        
pdfTeX warning (ext4): destination with the same identifier (name{figure.4.21})
 has been already used, duplicate ignored
<argument> ...shipout:D \box_use:N \l_shipout_box 
                                                  \__shipout_drop_firstpage_...
l.1697 }
         <./SD/SD15.png (PNG copy)> <./SD/SD16.png (PNG copy)>]
<SD/SD19.png, id=622, 743.77875pt x 601.24625pt>
File: SD/SD19.png Graphic file (type png)
<use SD/SD19.png>
Package pdftex.def Info: SD/SD19.png  used on input line 1697.
(pdftex.def)             Requested size: 452.9679pt x 366.17252pt.
<SD/SD20.png, id=623, 992.70876pt x 673.51625pt>
File: SD/SD20.png Graphic file (type png)
<use SD/SD20.png>
Package pdftex.def Info: SD/SD20.png  used on input line 1697.
(pdftex.def)             Requested size: 452.9679pt x 307.32391pt.
 [73
pdfTeX warning (ext4): destination with the same identifier (name{figure.4.22})
 has been already used, duplicate ignored
<argument> ...shipout:D \box_use:N \l_shipout_box 
                                                  \__shipout_drop_firstpage_...
l.1697 }
        
pdfTeX warning (ext4): destination with the same identifier (name{figure.4.23})
 has been already used, duplicate ignored
<argument> ...shipout:D \box_use:N \l_shipout_box 
                                                  \__shipout_drop_firstpage_...
l.1697 }
         <./SD/SD17.png (PNG copy)> <./SD/SD18.png (PNG copy)>]
<SD/SD21.png, id=628, 894.34125pt x 583.17876pt>
File: SD/SD21.png Graphic file (type png)
<use SD/SD21.png>
Package pdftex.def Info: SD/SD21.png  used on input line 1697.
(pdftex.def)             Requested size: 452.9679pt x 295.37056pt.
 [74
pdfTeX warning (ext4): destination with the same identifier (name{figure.4.24})
 has been already used, duplicate ignored
<argument> ...shipout:D \box_use:N \l_shipout_box 
                                                  \__shipout_drop_firstpage_...
l.1697 }
         <./SD/SD19.png (PNG copy)>]
<SD/SD22.png, id=633, 651.43375pt x 519.9425pt>
File: SD/SD22.png Graphic file (type png)
<use SD/SD22.png>
Package pdftex.def Info: SD/SD22.png  used on input line 1697.
(pdftex.def)             Requested size: 452.9679pt x 361.54544pt.
 [75
pdfTeX warning (ext4): destination with the same identifier (name{figure.4.25})
 has been already used, duplicate ignored
<argument> ...shipout:D \box_use:N \l_shipout_box 
                                                  \__shipout_drop_firstpage_...
l.1697 }
         <./SD/SD20.png (PNG copy)>]
<SD/SD23.png, id=638, 589.20125pt x 445.665pt>
File: SD/SD23.png Graphic file (type png)
<use SD/SD23.png>
Package pdftex.def Info: SD/SD23.png  used on input line 1697.
(pdftex.def)             Requested size: 452.9679pt x 342.62589pt.
 [76
pdfTeX warning (ext4): destination with the same identifier (name{figure.4.26})
 has been already used, duplicate ignored
<argument> ...shipout:D \box_use:N \l_shipout_box 
                                                  \__shipout_drop_firstpage_...
l.1697 }
         <./SD/SD21.png (PNG copy)>]
<SD/SD24.png, id=643, 590.205pt x 420.57124pt>
File: SD/SD24.png Graphic file (type png)
<use SD/SD24.png>
Package pdftex.def Info: SD/SD24.png  used on input line 1697.
(pdftex.def)             Requested size: 452.9679pt x 322.78198pt.
 [77
pdfTeX warning (ext4): destination with the same identifier (name{figure.4.27})
 has been already used, duplicate ignored
<argument> ...shipout:D \box_use:N \l_shipout_box 
                                                  \__shipout_drop_firstpage_...
l.1697 }
         <./SD/SD22.png>]
<SD/SD25.png, id=649, 476.78125pt x 544.0325pt>
File: SD/SD25.png Graphic file (type png)
<use SD/SD25.png>
Package pdftex.def Info: SD/SD25.png  used on input line 1697.
(pdftex.def)             Requested size: 452.9679pt x 516.88606pt.
 [78
pdfTeX warning (ext4): destination with the same identifier (name{figure.4.28})
 has been already used, duplicate ignored
<argument> ...shipout:D \box_use:N \l_shipout_box 
                                                  \__shipout_drop_firstpage_...
l.1697 }
         <./SD/SD23.png>]
<SD/SD26.png, id=656, 1223.57124pt x 985.6825pt>
File: SD/SD26.png Graphic file (type png)
<use SD/SD26.png>
Package pdftex.def Info: SD/SD26.png  used on input line 1697.
(pdftex.def)             Requested size: 452.9679pt x 364.89233pt.
 [79
pdfTeX warning (ext4): destination with the same identifier (name{figure.4.29})
 has been already used, duplicate ignored
<argument> ...shipout:D \box_use:N \l_shipout_box 
                                                  \__shipout_drop_firstpage_...
l.1697 }
         <./SD/SD24.png>]
<SD/SD27.png, id=662, 551.05875pt x 643.40375pt>
File: SD/SD27.png Graphic file (type png)
<use SD/SD27.png>
Package pdftex.def Info: SD/SD27.png  used on input line 1697.
(pdftex.def)             Requested size: 452.9679pt x 528.89041pt.
 [80
pdfTeX warning (ext4): destination with the same identifier (name{figure.4.30})
 has been already used, duplicate ignored
<argument> ...shipout:D \box_use:N \l_shipout_box 
                                                  \__shipout_drop_firstpage_...
l.1697 }
         <./SD/SD25.png>]
<SD/SD28.png, id=668, 692.5875pt x 736.7525pt>
File: SD/SD28.png Graphic file (type png)
<use SD/SD28.png>
Package pdftex.def Info: SD/SD28.png  used on input line 1697.
(pdftex.def)             Requested size: 452.9679pt x 481.86256pt.
 [81
pdfTeX warning (ext4): destination with the same identifier (name{figure.4.31})
 has been already used, duplicate ignored
<argument> ...shipout:D \box_use:N \l_shipout_box 
                                                  \__shipout_drop_firstpage_...
l.1697 }
         <./SD/SD26.png>]
<SD/SD29.png, id=674, 750.805pt x 494.84875pt>
File: SD/SD29.png Graphic file (type png)
<use SD/SD29.png>
Package pdftex.def Info: SD/SD29.png  used on input line 1697.
(pdftex.def)             Requested size: 452.9679pt x 298.55006pt.
 [82
pdfTeX warning (ext4): destination with the same identifier (name{figure.4.32})
 has been already used, duplicate ignored
<argument> ...shipout:D \box_use:N \l_shipout_box 
                                                  \__shipout_drop_firstpage_...
l.1697 }
         <./SD/SD27.png>]
<SD/SD30.png, id=680, 649.42625pt x 346.29375pt>
File: SD/SD30.png Graphic file (type png)
<use SD/SD30.png>
Package pdftex.def Info: SD/SD30.png  used on input line 1697.
(pdftex.def)             Requested size: 452.9679pt x 241.54266pt.
 [83
pdfTeX warning (ext4): destination with the same identifier (name{figure.4.33})
 has been already used, duplicate ignored
<argument> ...shipout:D \box_use:N \l_shipout_box 
                                                  \__shipout_drop_firstpage_...
l.1697 }
         <./SD/SD28.png>]
<SD/SD31.png, id=686, 1029.8475pt x 481.8pt>
File: SD/SD31.png Graphic file (type png)
<use SD/SD31.png>
Package pdftex.def Info: SD/SD31.png  used on input line 1697.
(pdftex.def)             Requested size: 452.9679pt x 211.91177pt.
<SD/SD32.png, id=687, 882.29625pt x 394.47375pt>
File: SD/SD32.png Graphic file (type png)
<use SD/SD32.png>
Package pdftex.def Info: SD/SD32.png  used on input line 1697.
(pdftex.def)             Requested size: 452.9679pt x 202.52122pt.
 [84
pdfTeX warning (ext4): destination with the same identifier (name{figure.4.34})
 has been already used, duplicate ignored
<argument> ...shipout:D \box_use:N \l_shipout_box 
                                                  \__shipout_drop_firstpage_...
l.1697 }
        
pdfTeX warning (ext4): destination with the same identifier (name{figure.4.35})
 has been already used, duplicate ignored
<argument> ...shipout:D \box_use:N \l_shipout_box 
                                                  \__shipout_drop_firstpage_...
l.1697 }
         <./SD/SD29.png> <./SD/SD30.png (PNG copy)>]
<ST/ST1.png, id=694, 981.6675pt x 601.24625pt>
File: ST/ST1.png Graphic file (type png)
<use ST/ST1.png>
Package pdftex.def Info: ST/ST1.png  used on input line 1702.
(pdftex.def)             Requested size: 452.9679pt x 277.42982pt.
 [85
pdfTeX warning (ext4): destination with the same identifier (name{figure.4.36})
 has been already used, duplicate ignored
<argument> ...shipout:D \box_use:N \l_shipout_box 
                                                  \__shipout_drop_firstpage_...
l.1706 
       
pdfTeX warning (ext4): destination with the same identifier (name{figure.4.37})
 has been already used, duplicate ignored
<argument> ...shipout:D \box_use:N \l_shipout_box 
                                                  \__shipout_drop_firstpage_...
l.1706 
        <./SD/SD31.png (PNG copy)> <./SD/SD32.png (PNG copy)>]
<ST/ST2.png, id=699, 975.645pt x 492.84125pt>
File: ST/ST2.png Graphic file (type png)
<use ST/ST2.png>
Package pdftex.def Info: ST/ST2.png  used on input line 1709.
(pdftex.def)             Requested size: 452.9679pt x 228.81535pt.
<ST/ST3.png, id=700, 864.22874pt x 400.49625pt>
File: ST/ST3.png Graphic file (type png)
<use ST/ST3.png>
Package pdftex.def Info: ST/ST3.png  used on input line 1716.
(pdftex.def)             Requested size: 452.9679pt x 209.90924pt.
 [86
pdfTeX warning (ext4): destination with the same identifier (name{figure.4.38})
 has been already used, duplicate ignored
<argument> ...shipout:D \box_use:N \l_shipout_box 
                                                  \__shipout_drop_firstpage_...
l.1720 
       
pdfTeX warning (ext4): destination with the same identifier (name{figure.4.39})
 has been already used, duplicate ignored
<argument> ...shipout:D \box_use:N \l_shipout_box 
                                                  \__shipout_drop_firstpage_...
l.1720 
        <./ST/ST1.png> <./ST/ST2.png>]
<CollaborationDiagram.png, id=708, 1102.1175pt x 574.09482pt>
File: CollaborationDiagram.png Graphic file (type png)
<use CollaborationDiagram.png>
Package pdftex.def Info: CollaborationDiagram.png  used on input line 1726.
(pdftex.def)             Requested size: 512.1496pt x 266.78488pt.

Overfull \hbox (59.1817pt too wide) in paragraph at lines 1726--1727
 [][] 
 []

[87
pdfTeX warning (ext4): destination with the same identifier (name{figure.4.40})
 has been already used, duplicate ignored
<argument> ...shipout:D \box_use:N \l_shipout_box 
                                                  \__shipout_drop_firstpage_...
l.1730 \chapter
               {Individual Contributions}
pdfTeX warning (ext4): destination with the same identifier (name{figure.4.41})
 has been already used, duplicate ignored
<argument> ...shipout:D \box_use:N \l_shipout_box 
                                                  \__shipout_drop_firstpage_...
l.1730 \chapter
               {Individual Contributions} <./ST/ST3.png> <./CollaborationDiagra
m.png>]
chapter 5.
[88


pdfTeX warning (ext4): destination with the same identifier (name{table.5.1}) h
as been already used, duplicate ignored
<argument> ...shipout:D \box_use:N \l_shipout_box 
                                                  \__shipout_drop_firstpage_...
l.1750 \chapter
               {Appendix}]
chapter 6.
<Acceptance.jpeg, id=720, 1142.2675pt x 1063.975pt>
File: Acceptance.jpeg Graphic file (type jpg)
<use Acceptance.jpeg>
Package pdftex.def Info: Acceptance.jpeg  used on input line 1757.
(pdftex.def)             Requested size: 452.9679pt x 421.91338pt.

Underfull \hbox (badness 1584) in paragraph at lines 1768--1768
[]|\T1/lmr/m/n/10.95 A com-pre-hen-sive tool used
 []


Underfull \hbox (badness 1199) in paragraph at lines 1768--1768
\T1/lmr/m/n/10.95 a-grams, ER di-a-grams, and
 []

[89


pdfTeX warning (ext4): destination with the same identifier (name{figure.6.1}) 
has been already used, duplicate ignored
<argument> ...shipout:D \box_use:N \l_shipout_box 
                                                  \__shipout_drop_firstpage_...
l.1775 
        <./Acceptance.jpeg>] [90
pdfTeX warning (ext4): destination with the same identifier (name{table.6.1}) h
as been already used, duplicate ignored
<argument> ...shipout:D \box_use:N \l_shipout_box 
                                                  \__shipout_drop_firstpage_...
l.1778 \end{document}
                     ] (./planning-uml.aux)
 ***********
LaTeX2e <2023-11-01> patch level 1
L3 programming layer <2024-02-20>
 ***********
Package rerunfilecheck Info: File `planning-uml.out' has not changed.
(rerunfilecheck)             Checksum: D41D8CD98F00B204E9800998ECF8427E;0.
 ) 
Here is how much of TeX's memory you used:
 19550 strings out of 476076
 356906 string characters out of 5793775
 2028187 words of memory out of 5000000
 41158 multiletter control sequences out of 15000+600000
 621973 words of font info for 72 fonts, out of 8000000 for 9000
 14 hyphenation exceptions out of 8191
 108i,11n,107p,10934b,552s stack positions out of 10000i,1000n,20000p,200000b,200000s
</usr/share/texmf-dist/fonts/type1/public/lm/lmbx10.pfb></usr/share/texmf-dis
t/fonts/type1/public/lm/lmbx12.pfb></usr/share/texmf-dist/fonts/type1/public/lm
/lmr10.pfb></usr/share/texmf-dist/fonts/type1/public/lm/lmr12.pfb></usr/share/t
exmf-dist/fonts/type1/public/lm/lmssbx10.pfb>
Output written on planning-uml.pdf (91 pages, 4982742 bytes).
PDF statistics:
 896 PDF objects out of 1000 (max. 8388607)
 702 compressed objects within 8 object streams
 224 named destinations out of 1000 (max. 500000)
 510 words of extra memory for PDF output out of 10000 (max. 10000000)

